This file contains any messages produced by compilers while
running configure, to aid debugging if configure makes a mistake.

It was created by jasper configure 1.900.1, which was
generated by GNU Autoconf 2.59.  Invocation command line was

  $ ./configure --without-x --disable-libjpeg --disable-opengl --prefix=/mnt/68204F1D204EF19C/UMass_Amherst/PhD_Research/Carbon_Forecast/weather_data/grib2

## --------- ##
## Platform. ##
## --------- ##

hostname = diptyaroop-GS65
uname -m = x86_64
uname -r = 5.11.0-41-generic
uname -s = Linux
uname -v = #45~20.04.1-Ubuntu SMP Wed Nov 10 10:20:10 UTC 2021

/usr/bin/uname -p = x86_64
/bin/uname -X     = unknown

/bin/arch              = x86_64
/usr/bin/arch -k       = unknown
/usr/convex/getsysinfo = unknown
hostinfo               = unknown
/bin/machine           = unknown
/usr/bin/oslevel       = unknown
/bin/universe          = unknown

PATH: /usr/local/sbin
PATH: /usr/local/bin
PATH: /usr/sbin
PATH: /usr/bin
PATH: /sbin
PATH: /bin
PATH: /snap/bin


## ----------- ##
## Core tests. ##
## ----------- ##

configure:1556: checking build system type
configure:1574: result: x86_64-unknown-linux-gnu
configure:1582: checking host system type
configure:1596: result: x86_64-unknown-linux-gnu
configure:1604: checking target system type
configure:1618: result: x86_64-unknown-linux-gnu
configure:1648: checking for a BSD-compatible install
configure:1703: result: /usr/bin/install -c
configure:1714: checking whether build environment is sane
configure:1757: result: yes
configure:1822: checking for gawk
configure:1851: result: no
configure:1822: checking for mawk
configure:1838: found /usr/bin/mawk
configure:1848: result: mawk
configure:1858: checking whether make sets $(MAKE)
configure:1878: result: yes
configure:2152: checking for gcc
configure:2178: result: gcc
configure:2422: checking for C compiler version
configure:2425: gcc --version </dev/null >&5
gcc (Ubuntu 9.3.0-17ubuntu1~20.04) 9.3.0
Copyright (C) 2019 Free Software Foundation, Inc.
This is free software; see the source for copying conditions.  There is NO
warranty; not even for MERCHANTABILITY or FITNESS FOR A PARTICULAR PURPOSE.

configure:2428: $? = 0
configure:2430: gcc -v </dev/null >&5
Using built-in specs.
COLLECT_GCC=gcc
COLLECT_LTO_WRAPPER=/usr/lib/gcc/x86_64-linux-gnu/9/lto-wrapper
OFFLOAD_TARGET_NAMES=nvptx-none:hsa
OFFLOAD_TARGET_DEFAULT=1
Target: x86_64-linux-gnu
Configured with: ../src/configure -v --with-pkgversion='Ubuntu 9.3.0-17ubuntu1~20.04' --with-bugurl=file:///usr/share/doc/gcc-9/README.Bugs --enable-languages=c,ada,c++,go,brig,d,fortran,objc,obj-c++,gm2 --prefix=/usr --with-gcc-major-version-only --program-suffix=-9 --program-prefix=x86_64-linux-gnu- --enable-shared --enable-linker-build-id --libexecdir=/usr/lib --without-included-gettext --enable-threads=posix --libdir=/usr/lib --enable-nls --enable-clocale=gnu --enable-libstdcxx-debug --enable-libstdcxx-time=yes --with-default-libstdcxx-abi=new --enable-gnu-unique-object --disable-vtable-verify --enable-plugin --enable-default-pie --with-system-zlib --with-target-system-zlib=auto --enable-objc-gc=auto --enable-multiarch --disable-werror --with-arch-32=i686 --with-abi=m64 --with-multilib-list=m32,m64,mx32 --enable-multilib --with-tune=generic --enable-offload-targets=nvptx-none=/build/gcc-9-HskZEa/gcc-9-9.3.0/debian/tmp-nvptx/usr,hsa --without-cuda-driver --enable-checking=release --build=x86_64-linux-gnu --host=x86_64-linux-gnu --target=x86_64-linux-gnu
Thread model: posix
gcc version 9.3.0 (Ubuntu 9.3.0-17ubuntu1~20.04) 
configure:2433: $? = 0
configure:2435: gcc -V </dev/null >&5
gcc: error: unrecognized command line option '-V'
gcc: fatal error: no input files
compilation terminated.
configure:2438: $? = 1
configure:2461: checking for C compiler default output file name
configure:2464: gcc    conftest.c  >&5
configure:2467: $? = 0
configure:2513: result: a.out
configure:2518: checking whether the C compiler works
configure:2524: ./a.out
configure:2527: $? = 0
configure:2544: result: yes
configure:2551: checking whether we are cross compiling
configure:2553: result: no
configure:2556: checking for suffix of executables
configure:2558: gcc -o conftest    conftest.c  >&5
configure:2561: $? = 0
configure:2586: result: 
configure:2592: checking for suffix of object files
configure:2613: gcc -c   conftest.c >&5
configure:2616: $? = 0
configure:2638: result: o
configure:2642: checking whether we are using the GNU C compiler
configure:2666: gcc -c   conftest.c >&5
configure:2672: $? = 0
configure:2676: test -z 
			 || test ! -s conftest.err
configure:2679: $? = 0
configure:2682: test -s conftest.o
configure:2685: $? = 0
configure:2698: result: yes
configure:2704: checking whether gcc accepts -g
configure:2725: gcc -c -g  conftest.c >&5
configure:2731: $? = 0
configure:2735: test -z 
			 || test ! -s conftest.err
configure:2738: $? = 0
configure:2741: test -s conftest.o
configure:2744: $? = 0
configure:2755: result: yes
configure:2772: checking for gcc option to accept ANSI C
configure:2842: gcc  -c   conftest.c >&5
configure:2848: $? = 0
configure:2852: test -z 
			 || test ! -s conftest.err
configure:2855: $? = 0
configure:2858: test -s conftest.o
configure:2861: $? = 0
configure:2879: result: none needed
configure:2897: gcc -c   conftest.c >&5
conftest.c:2:3: error: unknown type name 'choke'
    2 |   choke me
      |   ^~~~~
conftest.c:2:3: error: expected '=', ',', ';', 'asm' or '__attribute__' at end of input
configure:2903: $? = 1
configure: failed program was:
| #ifndef __cplusplus
|   choke me
| #endif
configure:3047: checking for style of include used by make
configure:3075: result: GNU
configure:3103: checking dependency style of gcc
configure:3193: result: gcc3
configure:3223: checking for a BSD-compatible install
configure:3278: result: /usr/bin/install -c
configure:3330: checking for ranlib
configure:3346: found /usr/bin/ranlib
configure:3357: result: ranlib
configure:3446: checking for a sed that does not truncate output
configure:3502: result: /usr/bin/sed
configure:3505: checking for egrep
configure:3515: result: grep -E
configure:3531: checking for ld used by gcc
configure:3598: result: /usr/bin/ld
configure:3607: checking if the linker (/usr/bin/ld) is GNU ld
configure:3622: result: yes
configure:3627: checking for /usr/bin/ld option to reload object files
configure:3634: result: -r
configure:3652: checking for BSD-compatible nm
configure:3701: result: /usr/bin/nm -B
configure:3705: checking whether ln -s works
configure:3709: result: yes
configure:3716: checking how to recognise dependent libraries
configure:3892: result: pass_all
configure:3980: gcc -c   conftest.c >&5
configure:3983: $? = 0
configure:4129: checking how to run the C preprocessor
configure:4164: gcc -E  conftest.c
configure:4170: $? = 0
configure:4202: gcc -E  conftest.c
conftest.c:13:10: fatal error: ac_nonexistent.h: No such file or directory
   13 | #include <ac_nonexistent.h>
      |          ^~~~~~~~~~~~~~~~~~
compilation terminated.
configure:4208: $? = 1
configure: failed program was:
| /* confdefs.h.  */
| 
| #define PACKAGE_NAME "jasper"
| #define PACKAGE_TARNAME "jasper"
| #define PACKAGE_VERSION "1.900.1"
| #define PACKAGE_STRING "jasper 1.900.1"
| #define PACKAGE_BUGREPORT ""
| #define PACKAGE "jasper"
| #define VERSION "1.900.1"
| #define JAS_VERSION "1.900.1"
| #define JAS_CONFIGURE 1
| /* end confdefs.h.  */
| #include <ac_nonexistent.h>
configure:4247: result: gcc -E
configure:4271: gcc -E  conftest.c
configure:4277: $? = 0
configure:4309: gcc -E  conftest.c
conftest.c:13:10: fatal error: ac_nonexistent.h: No such file or directory
   13 | #include <ac_nonexistent.h>
      |          ^~~~~~~~~~~~~~~~~~
compilation terminated.
configure:4315: $? = 1
configure: failed program was:
| /* confdefs.h.  */
| 
| #define PACKAGE_NAME "jasper"
| #define PACKAGE_TARNAME "jasper"
| #define PACKAGE_VERSION "1.900.1"
| #define PACKAGE_STRING "jasper 1.900.1"
| #define PACKAGE_BUGREPORT ""
| #define PACKAGE "jasper"
| #define VERSION "1.900.1"
| #define JAS_VERSION "1.900.1"
| #define JAS_CONFIGURE 1
| /* end confdefs.h.  */
| #include <ac_nonexistent.h>
configure:4359: checking for ANSI C header files
configure:4384: gcc -c   conftest.c >&5
configure:4390: $? = 0
configure:4394: test -z 
			 || test ! -s conftest.err
configure:4397: $? = 0
configure:4400: test -s conftest.o
configure:4403: $? = 0
configure:4492: gcc -o conftest    conftest.c  >&5
conftest.c: In function 'main':
conftest.c:30:7: warning: implicit declaration of function 'exit' [-Wimplicit-function-declaration]
   30 |       exit(2);
      |       ^~~~
conftest.c:30:7: warning: incompatible implicit declaration of built-in function 'exit'
conftest.c:14:1: note: include '<stdlib.h>' or provide a declaration of 'exit'
   13 | #include <ctype.h>
  +++ |+#include <stdlib.h>
   14 | #if ((' ' & 0x0FF) == 0x020)
conftest.c:31:3: warning: incompatible implicit declaration of built-in function 'exit'
   31 |   exit (0);
      |   ^~~~
conftest.c:31:3: note: include '<stdlib.h>' or provide a declaration of 'exit'
configure:4495: $? = 0
configure:4497: ./conftest
configure:4500: $? = 0
configure:4515: result: yes
configure:4539: checking for sys/types.h
configure:4555: gcc -c   conftest.c >&5
configure:4561: $? = 0
configure:4565: test -z 
			 || test ! -s conftest.err
configure:4568: $? = 0
configure:4571: test -s conftest.o
configure:4574: $? = 0
configure:4585: result: yes
configure:4539: checking for sys/stat.h
configure:4555: gcc -c   conftest.c >&5
configure:4561: $? = 0
configure:4565: test -z 
			 || test ! -s conftest.err
configure:4568: $? = 0
configure:4571: test -s conftest.o
configure:4574: $? = 0
configure:4585: result: yes
configure:4539: checking for stdlib.h
configure:4555: gcc -c   conftest.c >&5
configure:4561: $? = 0
configure:4565: test -z 
			 || test ! -s conftest.err
configure:4568: $? = 0
configure:4571: test -s conftest.o
configure:4574: $? = 0
configure:4585: result: yes
configure:4539: checking for string.h
configure:4555: gcc -c   conftest.c >&5
configure:4561: $? = 0
configure:4565: test -z 
			 || test ! -s conftest.err
configure:4568: $? = 0
configure:4571: test -s conftest.o
configure:4574: $? = 0
configure:4585: result: yes
configure:4539: checking for memory.h
configure:4555: gcc -c   conftest.c >&5
configure:4561: $? = 0
configure:4565: test -z 
			 || test ! -s conftest.err
configure:4568: $? = 0
configure:4571: test -s conftest.o
configure:4574: $? = 0
configure:4585: result: yes
configure:4539: checking for strings.h
configure:4555: gcc -c   conftest.c >&5
configure:4561: $? = 0
configure:4565: test -z 
			 || test ! -s conftest.err
configure:4568: $? = 0
configure:4571: test -s conftest.o
configure:4574: $? = 0
configure:4585: result: yes
configure:4539: checking for inttypes.h
configure:4555: gcc -c   conftest.c >&5
configure:4561: $? = 0
configure:4565: test -z 
			 || test ! -s conftest.err
configure:4568: $? = 0
configure:4571: test -s conftest.o
configure:4574: $? = 0
configure:4585: result: yes
configure:4539: checking for stdint.h
configure:4555: gcc -c   conftest.c >&5
configure:4561: $? = 0
configure:4565: test -z 
			 || test ! -s conftest.err
configure:4568: $? = 0
configure:4571: test -s conftest.o
configure:4574: $? = 0
configure:4585: result: yes
configure:4539: checking for unistd.h
configure:4555: gcc -c   conftest.c >&5
configure:4561: $? = 0
configure:4565: test -z 
			 || test ! -s conftest.err
configure:4568: $? = 0
configure:4571: test -s conftest.o
configure:4574: $? = 0
configure:4585: result: yes
configure:4611: checking dlfcn.h usability
configure:4623: gcc -c   conftest.c >&5
configure:4629: $? = 0
configure:4633: test -z 
			 || test ! -s conftest.err
configure:4636: $? = 0
configure:4639: test -s conftest.o
configure:4642: $? = 0
configure:4652: result: yes
configure:4656: checking dlfcn.h presence
configure:4666: gcc -E  conftest.c
configure:4672: $? = 0
configure:4692: result: yes
configure:4727: checking for dlfcn.h
configure:4734: result: yes
configure:4799: checking for g++
configure:4815: found /usr/bin/g++
configure:4825: result: g++
configure:4841: checking for C++ compiler version
configure:4844: g++ --version </dev/null >&5
g++ (Ubuntu 9.3.0-17ubuntu1~20.04) 9.3.0
Copyright (C) 2019 Free Software Foundation, Inc.
This is free software; see the source for copying conditions.  There is NO
warranty; not even for MERCHANTABILITY or FITNESS FOR A PARTICULAR PURPOSE.

configure:4847: $? = 0
configure:4849: g++ -v </dev/null >&5
Using built-in specs.
COLLECT_GCC=g++
COLLECT_LTO_WRAPPER=/usr/lib/gcc/x86_64-linux-gnu/9/lto-wrapper
OFFLOAD_TARGET_NAMES=nvptx-none:hsa
OFFLOAD_TARGET_DEFAULT=1
Target: x86_64-linux-gnu
Configured with: ../src/configure -v --with-pkgversion='Ubuntu 9.3.0-17ubuntu1~20.04' --with-bugurl=file:///usr/share/doc/gcc-9/README.Bugs --enable-languages=c,ada,c++,go,brig,d,fortran,objc,obj-c++,gm2 --prefix=/usr --with-gcc-major-version-only --program-suffix=-9 --program-prefix=x86_64-linux-gnu- --enable-shared --enable-linker-build-id --libexecdir=/usr/lib --without-included-gettext --enable-threads=posix --libdir=/usr/lib --enable-nls --enable-clocale=gnu --enable-libstdcxx-debug --enable-libstdcxx-time=yes --with-default-libstdcxx-abi=new --enable-gnu-unique-object --disable-vtable-verify --enable-plugin --enable-default-pie --with-system-zlib --with-target-system-zlib=auto --enable-objc-gc=auto --enable-multiarch --disable-werror --with-arch-32=i686 --with-abi=m64 --with-multilib-list=m32,m64,mx32 --enable-multilib --with-tune=generic --enable-offload-targets=nvptx-none=/build/gcc-9-HskZEa/gcc-9-9.3.0/debian/tmp-nvptx/usr,hsa --without-cuda-driver --enable-checking=release --build=x86_64-linux-gnu --host=x86_64-linux-gnu --target=x86_64-linux-gnu
Thread model: posix
gcc version 9.3.0 (Ubuntu 9.3.0-17ubuntu1~20.04) 
configure:4852: $? = 0
configure:4854: g++ -V </dev/null >&5
g++: error: unrecognized command line option '-V'
g++: fatal error: no input files
compilation terminated.
configure:4857: $? = 1
configure:4860: checking whether we are using the GNU C++ compiler
configure:4884: g++ -c   conftest.cc >&5
configure:4890: $? = 0
configure:4894: test -z 
			 || test ! -s conftest.err
configure:4897: $? = 0
configure:4900: test -s conftest.o
configure:4903: $? = 0
configure:4916: result: yes
configure:4922: checking whether g++ accepts -g
configure:4943: g++ -c -g  conftest.cc >&5
configure:4949: $? = 0
configure:4953: test -z 
			 || test ! -s conftest.err
configure:4956: $? = 0
configure:4959: test -s conftest.o
configure:4962: $? = 0
configure:4973: result: yes
configure:5015: g++ -c -g -O2  conftest.cc >&5
configure:5021: $? = 0
configure:5025: test -z 
			 || test ! -s conftest.err
configure:5028: $? = 0
configure:5031: test -s conftest.o
configure:5034: $? = 0
configure:5060: g++ -c -g -O2  conftest.cc >&5
conftest.cc: In function 'int main()':
conftest.cc:28:1: error: 'exit' was not declared in this scope
   28 | exit (42);
      | ^~~~
configure:5066: $? = 1
configure: failed program was:
| /* confdefs.h.  */
| 
| #define PACKAGE_NAME "jasper"
| #define PACKAGE_TARNAME "jasper"
| #define PACKAGE_VERSION "1.900.1"
| #define PACKAGE_STRING "jasper 1.900.1"
| #define PACKAGE_BUGREPORT ""
| #define PACKAGE "jasper"
| #define VERSION "1.900.1"
| #define JAS_VERSION "1.900.1"
| #define JAS_CONFIGURE 1
| #define STDC_HEADERS 1
| #define HAVE_SYS_TYPES_H 1
| #define HAVE_SYS_STAT_H 1
| #define HAVE_STDLIB_H 1
| #define HAVE_STRING_H 1
| #define HAVE_MEMORY_H 1
| #define HAVE_STRINGS_H 1
| #define HAVE_INTTYPES_H 1
| #define HAVE_STDINT_H 1
| #define HAVE_UNISTD_H 1
| #define HAVE_DLFCN_H 1
| /* end confdefs.h.  */
| 
| int
| main ()
| {
| exit (42);
|   ;
|   return 0;
| }
configure:5015: g++ -c -g -O2  conftest.cc >&5
configure:5021: $? = 0
configure:5025: test -z 
			 || test ! -s conftest.err
configure:5028: $? = 0
configure:5031: test -s conftest.o
configure:5034: $? = 0
configure:5060: g++ -c -g -O2  conftest.cc >&5
configure:5066: $? = 0
configure:5070: test -z 
			 || test ! -s conftest.err
configure:5073: $? = 0
configure:5076: test -s conftest.o
configure:5079: $? = 0
configure:5104: checking dependency style of g++
configure:5194: result: gcc3
configure:5221: checking how to run the C++ preprocessor
configure:5252: g++ -E  conftest.cc
configure:5258: $? = 0
configure:5290: g++ -E  conftest.cc
conftest.cc:27:10: fatal error: ac_nonexistent.h: No such file or directory
   27 | #include <ac_nonexistent.h>
      |          ^~~~~~~~~~~~~~~~~~
compilation terminated.
configure:5296: $? = 1
configure: failed program was:
| /* confdefs.h.  */
| 
| #define PACKAGE_NAME "jasper"
| #define PACKAGE_TARNAME "jasper"
| #define PACKAGE_VERSION "1.900.1"
| #define PACKAGE_STRING "jasper 1.900.1"
| #define PACKAGE_BUGREPORT ""
| #define PACKAGE "jasper"
| #define VERSION "1.900.1"
| #define JAS_VERSION "1.900.1"
| #define JAS_CONFIGURE 1
| #define STDC_HEADERS 1
| #define HAVE_SYS_TYPES_H 1
| #define HAVE_SYS_STAT_H 1
| #define HAVE_STDLIB_H 1
| #define HAVE_STRING_H 1
| #define HAVE_MEMORY_H 1
| #define HAVE_STRINGS_H 1
| #define HAVE_INTTYPES_H 1
| #define HAVE_STDINT_H 1
| #define HAVE_UNISTD_H 1
| #define HAVE_DLFCN_H 1
| #ifdef __cplusplus
| extern "C" void std::exit (int) throw (); using std::exit;
| #endif
| /* end confdefs.h.  */
| #include <ac_nonexistent.h>
configure:5335: result: g++ -E
configure:5359: g++ -E  conftest.cc
configure:5365: $? = 0
configure:5397: g++ -E  conftest.cc
conftest.cc:27:10: fatal error: ac_nonexistent.h: No such file or directory
   27 | #include <ac_nonexistent.h>
      |          ^~~~~~~~~~~~~~~~~~
compilation terminated.
configure:5403: $? = 1
configure: failed program was:
| /* confdefs.h.  */
| 
| #define PACKAGE_NAME "jasper"
| #define PACKAGE_TARNAME "jasper"
| #define PACKAGE_VERSION "1.900.1"
| #define PACKAGE_STRING "jasper 1.900.1"
| #define PACKAGE_BUGREPORT ""
| #define PACKAGE "jasper"
| #define VERSION "1.900.1"
| #define JAS_VERSION "1.900.1"
| #define JAS_CONFIGURE 1
| #define STDC_HEADERS 1
| #define HAVE_SYS_TYPES_H 1
| #define HAVE_SYS_STAT_H 1
| #define HAVE_STDLIB_H 1
| #define HAVE_STRING_H 1
| #define HAVE_MEMORY_H 1
| #define HAVE_STRINGS_H 1
| #define HAVE_INTTYPES_H 1
| #define HAVE_STDINT_H 1
| #define HAVE_UNISTD_H 1
| #define HAVE_DLFCN_H 1
| #ifdef __cplusplus
| extern "C" void std::exit (int) throw (); using std::exit;
| #endif
| /* end confdefs.h.  */
| #include <ac_nonexistent.h>
configure:5500: checking for g77
configure:5529: result: no
configure:5500: checking for f77
configure:5516: found /usr/bin/f77
configure:5526: result: f77
configure:5543: checking for Fortran 77 compiler version
configure:5544: f77 --version </dev/null >&5
GNU Fortran (Ubuntu 9.3.0-17ubuntu1~20.04) 9.3.0
Copyright (C) 2019 Free Software Foundation, Inc.
This is free software; see the source for copying conditions.  There is NO
warranty; not even for MERCHANTABILITY or FITNESS FOR A PARTICULAR PURPOSE.

configure:5547: $? = 0
configure:5549: f77 -v </dev/null >&5
Using built-in specs.
COLLECT_GCC=f77
COLLECT_LTO_WRAPPER=/usr/lib/gcc/x86_64-linux-gnu/9/lto-wrapper
OFFLOAD_TARGET_NAMES=nvptx-none:hsa
OFFLOAD_TARGET_DEFAULT=1
Target: x86_64-linux-gnu
Configured with: ../src/configure -v --with-pkgversion='Ubuntu 9.3.0-17ubuntu1~20.04' --with-bugurl=file:///usr/share/doc/gcc-9/README.Bugs --enable-languages=c,ada,c++,go,brig,d,fortran,objc,obj-c++,gm2 --prefix=/usr --with-gcc-major-version-only --program-suffix=-9 --program-prefix=x86_64-linux-gnu- --enable-shared --enable-linker-build-id --libexecdir=/usr/lib --without-included-gettext --enable-threads=posix --libdir=/usr/lib --enable-nls --enable-clocale=gnu --enable-libstdcxx-debug --enable-libstdcxx-time=yes --with-default-libstdcxx-abi=new --enable-gnu-unique-object --disable-vtable-verify --enable-plugin --enable-default-pie --with-system-zlib --with-target-system-zlib=auto --enable-objc-gc=auto --enable-multiarch --disable-werror --with-arch-32=i686 --with-abi=m64 --with-multilib-list=m32,m64,mx32 --enable-multilib --with-tune=generic --enable-offload-targets=nvptx-none=/build/gcc-9-HskZEa/gcc-9-9.3.0/debian/tmp-nvptx/usr,hsa --without-cuda-driver --enable-checking=release --build=x86_64-linux-gnu --host=x86_64-linux-gnu --target=x86_64-linux-gnu
Thread model: posix
gcc version 9.3.0 (Ubuntu 9.3.0-17ubuntu1~20.04) 
configure:5552: $? = 0
configure:5554: f77 -V </dev/null >&5
f77: error: unrecognized command line option '-V'
f77: fatal error: no input files
compilation terminated.
configure:5557: $? = 1
configure:5565: checking whether we are using the GNU Fortran 77 compiler
configure:5579: f77 -c  conftest.F >&5
configure:5585: $? = 0
configure:5589: test -z 
			 || test ! -s conftest.err
configure:5592: $? = 0
configure:5595: test -s conftest.o
configure:5598: $? = 0
configure:5611: result: yes
configure:5617: checking whether f77 accepts -g
configure:5629: f77 -c -g conftest.f >&5
configure:5635: $? = 0
configure:5639: test -z 
			 || test ! -s conftest.err
configure:5642: $? = 0
configure:5645: test -s conftest.o
configure:5648: $? = 0
configure:5660: result: yes
configure:5690: checking the maximum length of command line arguments
configure:5799: result: 32768
configure:5810: checking command to parse /usr/bin/nm -B output from gcc object
configure:5915: gcc -c   conftest.c >&5
configure:5918: $? = 0
configure:5922: /usr/bin/nm -B conftest.o \| sed -n -e 's/^.*[ 	]\([ABCDGIRSTW][ABCDGIRSTW]*\)[ 	][ 	]*\([_A-Za-z][_A-Za-z0-9]*\)$/\1 \2 \2/p' \> conftest.nm
configure:5925: $? = 0
configure:5977: gcc -o conftest    conftest.c conftstm.o >&5
configure:5980: $? = 0
configure:6018: result: ok
configure:6022: checking for objdir
configure:6037: result: .libs
configure:6127: checking for ar
configure:6143: found /usr/bin/ar
configure:6154: result: ar
configure:6207: checking for ranlib
configure:6234: result: ranlib
configure:6287: checking for strip
configure:6303: found /usr/bin/strip
configure:6314: result: strip
configure:6586: checking if gcc supports -fno-rtti -fno-exceptions
configure:6606: gcc -c   -fno-rtti -fno-exceptions conftest.c >&5
cc1: warning: command line option '-fno-rtti' is valid for C++/D/ObjC++ but not for C
configure:6610: $? = 0
configure:6621: result: no
configure:6611: checking for gcc option to produce PIC
configure:6821: result: -fPIC
configure:6829: checking if gcc PIC flag -fPIC works
configure:6874: gcc -c   -fPIC -DPIC conftest.c >&5
configure:6878: $? = 0
configure:6864: result: yes
configure:6863: checking if gcc static flag -static works
configure:6891: result: yes
configure:6901: checking if gcc supports -c -o file.o
configure:6978: gcc -c   -o out/conftest2.o conftest.c >&5
configure:6982: $? = 0
configure:6924: result: yes
configure:6950: checking whether the gcc linker (/usr/bin/ld -m elf_x86_64) supports shared libraries
configure:7908: result: yes
configure:7975: checking dynamic linker characteristics
configure:8368: gcc -c   conftest.c >&5
configure:8371: $? = 0
configure:8584: result: GNU/Linux ld.so
configure:8593: checking how to hardcode library paths into programs
configure:8618: result: immediate
configure:8632: checking whether stripping libraries is possible
configure:8637: result: yes
configure:9471: checking if libtool supports shared libraries
configure:9473: result: yes
configure:9476: checking whether to build shared libraries
configure:9497: result: no
configure:9500: checking whether to build static libraries
configure:9504: result: yes
configure:9596: creating libtool
configure:10187: checking for ld used by g++
configure:10254: result: /usr/bin/ld -m elf_x86_64
configure:10263: checking if the linker (/usr/bin/ld -m elf_x86_64) is GNU ld
configure:10278: result: yes
configure:10329: checking whether the g++ linker (/usr/bin/ld -m elf_x86_64) supports shared libraries
configure:11267: result: yes
configure:11285: g++ -c -g -O2  conftest.cpp >&5
configure:11288: $? = 0
configure:11407: checking for g++ option to produce PIC
configure:11681: result: -fPIC
configure:11689: checking if g++ PIC flag -fPIC works
configure:11787: g++ -c -g -O2  -fPIC -DPIC conftest.cpp >&5
configure:11791: $? = 0
configure:11724: result: yes
configure:11752: checking if g++ static flag -static works
configure:11780: result: yes
configure:11790: checking if g++ supports -c -o file.o
configure:11891: g++ -c -g -O2  -o out/conftest2.o conftest.cpp >&5
configure:11895: $? = 0
configure:11837: result: yes
configure:11863: checking whether the g++ linker (/usr/bin/ld -m elf_x86_64) supports shared libraries
configure:11888: result: yes
configure:11955: checking dynamic linker characteristics
configure:12348: g++ -c -g -O2  conftest.cpp >&5
configure:12351: $? = 0
configure:12564: result: GNU/Linux ld.so
configure:12573: checking how to hardcode library paths into programs
configure:12598: result: immediate
configure:13127: checking if libtool supports shared libraries
configure:13129: result: yes
configure:13132: checking whether to build shared libraries
configure:13152: result: no
configure:13155: checking whether to build static libraries
configure:13159: result: yes
configure:13169: checking for f77 option to produce PIC
configure:13379: result: -fPIC
configure:13387: checking if f77 PIC flag -fPIC works
configure:13485: f77 -c -g -O2 -fPIC conftest.f >&5
configure:13489: $? = 0
configure:13422: result: yes
configure:13450: checking if f77 static flag -static works
configure:13478: result: yes
configure:13488: checking if f77 supports -c -o file.o
configure:13589: f77 -c -g -O2 -o out/conftest2.o conftest.f >&5
configure:13593: $? = 0
configure:13535: result: yes
configure:13561: checking whether the f77 linker (/usr/bin/ld -m elf_x86_64) supports shared libraries
configure:14499: result: yes
configure:14566: checking dynamic linker characteristics
configure:14959: f77 -c -g -O2 conftest.f >&5
conftest.f:1:2:

    1 | #line 15038 "configure"
      |  1
Warning: Illegal preprocessor directive
configure:14962: $? = 0
configure:15175: result: GNU/Linux ld.so
configure:15184: checking how to hardcode library paths into programs
configure:15209: result: immediate
configure:18803: checking for X
configure:19023: result: disabled
configure:20192: checking whether variable-length arrays are supported
configure:20212: gcc -c   conftest.c >&5
configure:20218: $? = 0
configure:20222: test -z 
			 || test ! -s conftest.err
configure:20225: $? = 0
configure:20228: test -s conftest.o
configure:20231: $? = 0
configure:20233: result: yes
configure:20653: checking whether OpenGL libraries and headers were detected
configure:20655: result: no
configure:20664: checking for main in -lm
configure:20688: gcc -o conftest    conftest.c -lm   >&5
configure:20694: $? = 0
configure:20698: test -z 
			 || test ! -s conftest.err
configure:20701: $? = 0
configure:20704: test -s conftest
configure:20707: $? = 0
configure:20720: result: yes
configure:20736: checking for ANSI C header files
configure:20892: result: yes
configure:20926: checking fcntl.h usability
configure:20938: gcc -c   conftest.c >&5
configure:20944: $? = 0
configure:20948: test -z 
			 || test ! -s conftest.err
configure:20951: $? = 0
configure:20954: test -s conftest.o
configure:20957: $? = 0
configure:20967: result: yes
configure:20971: checking fcntl.h presence
configure:20981: gcc -E  conftest.c
configure:20987: $? = 0
configure:21007: result: yes
configure:21042: checking for fcntl.h
configure:21049: result: yes
configure:20926: checking limits.h usability
configure:20938: gcc -c   conftest.c >&5
configure:20944: $? = 0
configure:20948: test -z 
			 || test ! -s conftest.err
configure:20951: $? = 0
configure:20954: test -s conftest.o
configure:20957: $? = 0
configure:20967: result: yes
configure:20971: checking limits.h presence
configure:20981: gcc -E  conftest.c
configure:20987: $? = 0
configure:21007: result: yes
configure:21042: checking for limits.h
configure:21049: result: yes
configure:20917: checking for unistd.h
configure:20922: result: yes
configure:20917: checking for stdint.h
configure:20922: result: yes
configure:20926: checking stdbool.h usability
configure:20938: gcc -c   conftest.c >&5
configure:20944: $? = 0
configure:20948: test -z 
			 || test ! -s conftest.err
configure:20951: $? = 0
configure:20954: test -s conftest.o
configure:20957: $? = 0
configure:20967: result: yes
configure:20971: checking stdbool.h presence
configure:20981: gcc -E  conftest.c
configure:20987: $? = 0
configure:21007: result: yes
configure:21042: checking for stdbool.h
configure:21049: result: yes
configure:20926: checking io.h usability
configure:20938: gcc -c   conftest.c >&5
conftest.c:70:10: fatal error: io.h: No such file or directory
   70 | #include <io.h>
      |          ^~~~~~
compilation terminated.
configure:20944: $? = 1
configure: failed program was:
| /* confdefs.h.  */
| 
| #define PACKAGE_NAME "jasper"
| #define PACKAGE_TARNAME "jasper"
| #define PACKAGE_VERSION "1.900.1"
| #define PACKAGE_STRING "jasper 1.900.1"
| #define PACKAGE_BUGREPORT ""
| #define PACKAGE "jasper"
| #define VERSION "1.900.1"
| #define JAS_VERSION "1.900.1"
| #define JAS_CONFIGURE 1
| #define STDC_HEADERS 1
| #define HAVE_SYS_TYPES_H 1
| #define HAVE_SYS_STAT_H 1
| #define HAVE_STDLIB_H 1
| #define HAVE_STRING_H 1
| #define HAVE_MEMORY_H 1
| #define HAVE_STRINGS_H 1
| #define HAVE_INTTYPES_H 1
| #define HAVE_STDINT_H 1
| #define HAVE_UNISTD_H 1
| #define HAVE_DLFCN_H 1
| #ifdef __cplusplus
| extern "C" void std::exit (int) throw (); using std::exit;
| #endif
| #define X_DISPLAY_MISSING 1
| #define HAVE_VLA 1
| #define HAVE_LIBM 1
| #define STDC_HEADERS 1
| #define HAVE_FCNTL_H 1
| #define HAVE_LIMITS_H 1
| #define HAVE_UNISTD_H 1
| #define HAVE_STDINT_H 1
| #define HAVE_STDBOOL_H 1
| /* end confdefs.h.  */
| #include <stdio.h>
| #if HAVE_SYS_TYPES_H
| # include <sys/types.h>
| #endif
| #if HAVE_SYS_STAT_H
| # include <sys/stat.h>
| #endif
| #if STDC_HEADERS
| # include <stdlib.h>
| # include <stddef.h>
| #else
| # if HAVE_STDLIB_H
| #  include <stdlib.h>
| # endif
| #endif
| #if HAVE_STRING_H
| # if !STDC_HEADERS && HAVE_MEMORY_H
| #  include <memory.h>
| # endif
| # include <string.h>
| #endif
| #if HAVE_STRINGS_H
| # include <strings.h>
| #endif
| #if HAVE_INTTYPES_H
| # include <inttypes.h>
| #else
| # if HAVE_STDINT_H
| #  include <stdint.h>
| # endif
| #endif
| #if HAVE_UNISTD_H
| # include <unistd.h>
| #endif
| #include <io.h>
configure:20967: result: no
configure:20971: checking io.h presence
configure:20981: gcc -E  conftest.c
conftest.c:36:10: fatal error: io.h: No such file or directory
   36 | #include <io.h>
      |          ^~~~~~
compilation terminated.
configure:20987: $? = 1
configure: failed program was:
| /* confdefs.h.  */
| 
| #define PACKAGE_NAME "jasper"
| #define PACKAGE_TARNAME "jasper"
| #define PACKAGE_VERSION "1.900.1"
| #define PACKAGE_STRING "jasper 1.900.1"
| #define PACKAGE_BUGREPORT ""
| #define PACKAGE "jasper"
| #define VERSION "1.900.1"
| #define JAS_VERSION "1.900.1"
| #define JAS_CONFIGURE 1
| #define STDC_HEADERS 1
| #define HAVE_SYS_TYPES_H 1
| #define HAVE_SYS_STAT_H 1
| #define HAVE_STDLIB_H 1
| #define HAVE_STRING_H 1
| #define HAVE_MEMORY_H 1
| #define HAVE_STRINGS_H 1
| #define HAVE_INTTYPES_H 1
| #define HAVE_STDINT_H 1
| #define HAVE_UNISTD_H 1
| #define HAVE_DLFCN_H 1
| #ifdef __cplusplus
| extern "C" void std::exit (int) throw (); using std::exit;
| #endif
| #define X_DISPLAY_MISSING 1
| #define HAVE_VLA 1
| #define HAVE_LIBM 1
| #define STDC_HEADERS 1
| #define HAVE_FCNTL_H 1
| #define HAVE_LIMITS_H 1
| #define HAVE_UNISTD_H 1
| #define HAVE_STDINT_H 1
| #define HAVE_STDBOOL_H 1
| /* end confdefs.h.  */
| #include <io.h>
configure:21007: result: no
configure:21042: checking for io.h
configure:21049: result: no
configure:20926: checking windows.h usability
configure:20938: gcc -c   conftest.c >&5
conftest.c:70:10: fatal error: windows.h: No such file or directory
   70 | #include <windows.h>
      |          ^~~~~~~~~~~
compilation terminated.
configure:20944: $? = 1
configure: failed program was:
| /* confdefs.h.  */
| 
| #define PACKAGE_NAME "jasper"
| #define PACKAGE_TARNAME "jasper"
| #define PACKAGE_VERSION "1.900.1"
| #define PACKAGE_STRING "jasper 1.900.1"
| #define PACKAGE_BUGREPORT ""
| #define PACKAGE "jasper"
| #define VERSION "1.900.1"
| #define JAS_VERSION "1.900.1"
| #define JAS_CONFIGURE 1
| #define STDC_HEADERS 1
| #define HAVE_SYS_TYPES_H 1
| #define HAVE_SYS_STAT_H 1
| #define HAVE_STDLIB_H 1
| #define HAVE_STRING_H 1
| #define HAVE_MEMORY_H 1
| #define HAVE_STRINGS_H 1
| #define HAVE_INTTYPES_H 1
| #define HAVE_STDINT_H 1
| #define HAVE_UNISTD_H 1
| #define HAVE_DLFCN_H 1
| #ifdef __cplusplus
| extern "C" void std::exit (int) throw (); using std::exit;
| #endif
| #define X_DISPLAY_MISSING 1
| #define HAVE_VLA 1
| #define HAVE_LIBM 1
| #define STDC_HEADERS 1
| #define HAVE_FCNTL_H 1
| #define HAVE_LIMITS_H 1
| #define HAVE_UNISTD_H 1
| #define HAVE_STDINT_H 1
| #define HAVE_STDBOOL_H 1
| /* end confdefs.h.  */
| #include <stdio.h>
| #if HAVE_SYS_TYPES_H
| # include <sys/types.h>
| #endif
| #if HAVE_SYS_STAT_H
| # include <sys/stat.h>
| #endif
| #if STDC_HEADERS
| # include <stdlib.h>
| # include <stddef.h>
| #else
| # if HAVE_STDLIB_H
| #  include <stdlib.h>
| # endif
| #endif
| #if HAVE_STRING_H
| # if !STDC_HEADERS && HAVE_MEMORY_H
| #  include <memory.h>
| # endif
| # include <string.h>
| #endif
| #if HAVE_STRINGS_H
| # include <strings.h>
| #endif
| #if HAVE_INTTYPES_H
| # include <inttypes.h>
| #else
| # if HAVE_STDINT_H
| #  include <stdint.h>
| # endif
| #endif
| #if HAVE_UNISTD_H
| # include <unistd.h>
| #endif
| #include <windows.h>
configure:20967: result: no
configure:20971: checking windows.h presence
configure:20981: gcc -E  conftest.c
conftest.c:36:10: fatal error: windows.h: No such file or directory
   36 | #include <windows.h>
      |          ^~~~~~~~~~~
compilation terminated.
configure:20987: $? = 1
configure: failed program was:
| /* confdefs.h.  */
| 
| #define PACKAGE_NAME "jasper"
| #define PACKAGE_TARNAME "jasper"
| #define PACKAGE_VERSION "1.900.1"
| #define PACKAGE_STRING "jasper 1.900.1"
| #define PACKAGE_BUGREPORT ""
| #define PACKAGE "jasper"
| #define VERSION "1.900.1"
| #define JAS_VERSION "1.900.1"
| #define JAS_CONFIGURE 1
| #define STDC_HEADERS 1
| #define HAVE_SYS_TYPES_H 1
| #define HAVE_SYS_STAT_H 1
| #define HAVE_STDLIB_H 1
| #define HAVE_STRING_H 1
| #define HAVE_MEMORY_H 1
| #define HAVE_STRINGS_H 1
| #define HAVE_INTTYPES_H 1
| #define HAVE_STDINT_H 1
| #define HAVE_UNISTD_H 1
| #define HAVE_DLFCN_H 1
| #ifdef __cplusplus
| extern "C" void std::exit (int) throw (); using std::exit;
| #endif
| #define X_DISPLAY_MISSING 1
| #define HAVE_VLA 1
| #define HAVE_LIBM 1
| #define STDC_HEADERS 1
| #define HAVE_FCNTL_H 1
| #define HAVE_LIMITS_H 1
| #define HAVE_UNISTD_H 1
| #define HAVE_STDINT_H 1
| #define HAVE_STDBOOL_H 1
| /* end confdefs.h.  */
| #include <windows.h>
configure:21007: result: no
configure:21042: checking for windows.h
configure:21049: result: no
configure:20917: checking for sys/types.h
configure:20922: result: yes
configure:20926: checking sys/time.h usability
configure:20938: gcc -c   conftest.c >&5
configure:20944: $? = 0
configure:20948: test -z 
			 || test ! -s conftest.err
configure:20951: $? = 0
configure:20954: test -s conftest.o
configure:20957: $? = 0
configure:20967: result: yes
configure:20971: checking sys/time.h presence
configure:20981: gcc -E  conftest.c
configure:20987: $? = 0
configure:21007: result: yes
configure:21042: checking for sys/time.h
configure:21049: result: yes
configure:20917: checking for stdlib.h
configure:20922: result: yes
configure:20926: checking stddef.h usability
configure:20938: gcc -c   conftest.c >&5
configure:20944: $? = 0
configure:20948: test -z 
			 || test ! -s conftest.err
configure:20951: $? = 0
configure:20954: test -s conftest.o
configure:20957: $? = 0
configure:20967: result: yes
configure:20971: checking stddef.h presence
configure:20981: gcc -E  conftest.c
configure:20987: $? = 0
configure:21007: result: yes
configure:21042: checking for stddef.h
configure:21049: result: yes
configure:21067: checking for an ANSI C-conforming const
configure:21134: gcc -c   conftest.c >&5
configure:21140: $? = 0
configure:21144: test -z 
			 || test ! -s conftest.err
configure:21147: $? = 0
configure:21150: test -s conftest.o
configure:21153: $? = 0
configure:21164: result: yes
configure:21174: checking for inline
configure:21195: gcc -c   conftest.c >&5
configure:21201: $? = 0
configure:21205: test -z 
			 || test ! -s conftest.err
configure:21208: $? = 0
configure:21211: test -s conftest.o
configure:21214: $? = 0
configure:21226: result: inline
configure:21245: checking for size_t
configure:21269: gcc -c   conftest.c >&5
configure:21275: $? = 0
configure:21279: test -z 
			 || test ! -s conftest.err
configure:21282: $? = 0
configure:21285: test -s conftest.o
configure:21288: $? = 0
configure:21299: result: yes
configure:21311: checking for uchar
configure:21335: gcc -c   conftest.c >&5
conftest.c: In function 'main':
conftest.c:77:6: error: 'uchar' undeclared (first use in this function); did you mean 'u_char'?
   77 | if ((uchar *) 0)
      |      ^~~~~
      |      u_char
conftest.c:77:6: note: each undeclared identifier is reported only once for each function it appears in
conftest.c:77:13: error: expected expression before ')' token
   77 | if ((uchar *) 0)
      |             ^
configure:21341: $? = 1
configure: failed program was:
| /* confdefs.h.  */
| 
| #define PACKAGE_NAME "jasper"
| #define PACKAGE_TARNAME "jasper"
| #define PACKAGE_VERSION "1.900.1"
| #define PACKAGE_STRING "jasper 1.900.1"
| #define PACKAGE_BUGREPORT ""
| #define PACKAGE "jasper"
| #define VERSION "1.900.1"
| #define JAS_VERSION "1.900.1"
| #define JAS_CONFIGURE 1
| #define STDC_HEADERS 1
| #define HAVE_SYS_TYPES_H 1
| #define HAVE_SYS_STAT_H 1
| #define HAVE_STDLIB_H 1
| #define HAVE_STRING_H 1
| #define HAVE_MEMORY_H 1
| #define HAVE_STRINGS_H 1
| #define HAVE_INTTYPES_H 1
| #define HAVE_STDINT_H 1
| #define HAVE_UNISTD_H 1
| #define HAVE_DLFCN_H 1
| #ifdef __cplusplus
| extern "C" void std::exit (int) throw (); using std::exit;
| #endif
| #define X_DISPLAY_MISSING 1
| #define HAVE_VLA 1
| #define HAVE_LIBM 1
| #define STDC_HEADERS 1
| #define HAVE_FCNTL_H 1
| #define HAVE_LIMITS_H 1
| #define HAVE_UNISTD_H 1
| #define HAVE_STDINT_H 1
| #define HAVE_STDBOOL_H 1
| #define HAVE_SYS_TYPES_H 1
| #define HAVE_SYS_TIME_H 1
| #define HAVE_STDLIB_H 1
| #define HAVE_STDDEF_H 1
| /* end confdefs.h.  */
| #include <stdio.h>
| #if HAVE_SYS_TYPES_H
| # include <sys/types.h>
| #endif
| #if HAVE_SYS_STAT_H
| # include <sys/stat.h>
| #endif
| #if STDC_HEADERS
| # include <stdlib.h>
| # include <stddef.h>
| #else
| # if HAVE_STDLIB_H
| #  include <stdlib.h>
| # endif
| #endif
| #if HAVE_STRING_H
| # if !STDC_HEADERS && HAVE_MEMORY_H
| #  include <memory.h>
| # endif
| # include <string.h>
| #endif
| #if HAVE_STRINGS_H
| # include <strings.h>
| #endif
| #if HAVE_INTTYPES_H
| # include <inttypes.h>
| #else
| # if HAVE_STDINT_H
| #  include <stdint.h>
| # endif
| #endif
| #if HAVE_UNISTD_H
| # include <unistd.h>
| #endif
| int
| main ()
| {
| if ((uchar *) 0)
|   return 0;
| if (sizeof (uchar))
|   return 0;
|   ;
|   return 0;
| }
configure:21365: result: no
configure:21377: checking for ushort
configure:21401: gcc -c   conftest.c >&5
configure:21407: $? = 0
configure:21411: test -z 
			 || test ! -s conftest.err
configure:21414: $? = 0
configure:21417: test -s conftest.o
configure:21420: $? = 0
configure:21431: result: yes
configure:21443: checking for uint
configure:21467: gcc -c   conftest.c >&5
configure:21473: $? = 0
configure:21477: test -z 
			 || test ! -s conftest.err
configure:21480: $? = 0
configure:21483: test -s conftest.o
configure:21486: $? = 0
configure:21497: result: yes
configure:21509: checking for ulong
configure:21533: gcc -c   conftest.c >&5
configure:21539: $? = 0
configure:21543: test -z 
			 || test ! -s conftest.err
configure:21546: $? = 0
configure:21549: test -s conftest.o
configure:21552: $? = 0
configure:21563: result: yes
configure:21575: checking for longlong
configure:21599: gcc -c   conftest.c >&5
conftest.c: In function 'main':
conftest.c:78:6: error: 'longlong' undeclared (first use in this function)
   78 | if ((longlong *) 0)
      |      ^~~~~~~~
conftest.c:78:6: note: each undeclared identifier is reported only once for each function it appears in
conftest.c:78:16: error: expected expression before ')' token
   78 | if ((longlong *) 0)
      |                ^
configure:21605: $? = 1
configure: failed program was:
| /* confdefs.h.  */
| 
| #define PACKAGE_NAME "jasper"
| #define PACKAGE_TARNAME "jasper"
| #define PACKAGE_VERSION "1.900.1"
| #define PACKAGE_STRING "jasper 1.900.1"
| #define PACKAGE_BUGREPORT ""
| #define PACKAGE "jasper"
| #define VERSION "1.900.1"
| #define JAS_VERSION "1.900.1"
| #define JAS_CONFIGURE 1
| #define STDC_HEADERS 1
| #define HAVE_SYS_TYPES_H 1
| #define HAVE_SYS_STAT_H 1
| #define HAVE_STDLIB_H 1
| #define HAVE_STRING_H 1
| #define HAVE_MEMORY_H 1
| #define HAVE_STRINGS_H 1
| #define HAVE_INTTYPES_H 1
| #define HAVE_STDINT_H 1
| #define HAVE_UNISTD_H 1
| #define HAVE_DLFCN_H 1
| #ifdef __cplusplus
| extern "C" void std::exit (int) throw (); using std::exit;
| #endif
| #define X_DISPLAY_MISSING 1
| #define HAVE_VLA 1
| #define HAVE_LIBM 1
| #define STDC_HEADERS 1
| #define HAVE_FCNTL_H 1
| #define HAVE_LIMITS_H 1
| #define HAVE_UNISTD_H 1
| #define HAVE_STDINT_H 1
| #define HAVE_STDBOOL_H 1
| #define HAVE_SYS_TYPES_H 1
| #define HAVE_SYS_TIME_H 1
| #define HAVE_STDLIB_H 1
| #define HAVE_STDDEF_H 1
| #define uchar unsigned char
| /* end confdefs.h.  */
| #include <stdio.h>
| #if HAVE_SYS_TYPES_H
| # include <sys/types.h>
| #endif
| #if HAVE_SYS_STAT_H
| # include <sys/stat.h>
| #endif
| #if STDC_HEADERS
| # include <stdlib.h>
| # include <stddef.h>
| #else
| # if HAVE_STDLIB_H
| #  include <stdlib.h>
| # endif
| #endif
| #if HAVE_STRING_H
| # if !STDC_HEADERS && HAVE_MEMORY_H
| #  include <memory.h>
| # endif
| # include <string.h>
| #endif
| #if HAVE_STRINGS_H
| # include <strings.h>
| #endif
| #if HAVE_INTTYPES_H
| # include <inttypes.h>
| #else
| # if HAVE_STDINT_H
| #  include <stdint.h>
| # endif
| #endif
| #if HAVE_UNISTD_H
| # include <unistd.h>
| #endif
| int
| main ()
| {
| if ((longlong *) 0)
|   return 0;
| if (sizeof (longlong))
|   return 0;
|   ;
|   return 0;
| }
configure:21629: result: no
configure:21641: checking for ulonglong
configure:21665: gcc -c   conftest.c >&5
conftest.c: In function 'main':
conftest.c:79:6: error: 'ulonglong' undeclared (first use in this function); did you mean 'longlong'?
   79 | if ((ulonglong *) 0)
      |      ^~~~~~~~~
      |      longlong
conftest.c:79:6: note: each undeclared identifier is reported only once for each function it appears in
conftest.c:79:17: error: expected expression before ')' token
   79 | if ((ulonglong *) 0)
      |                 ^
configure:21671: $? = 1
configure: failed program was:
| /* confdefs.h.  */
| 
| #define PACKAGE_NAME "jasper"
| #define PACKAGE_TARNAME "jasper"
| #define PACKAGE_VERSION "1.900.1"
| #define PACKAGE_STRING "jasper 1.900.1"
| #define PACKAGE_BUGREPORT ""
| #define PACKAGE "jasper"
| #define VERSION "1.900.1"
| #define JAS_VERSION "1.900.1"
| #define JAS_CONFIGURE 1
| #define STDC_HEADERS 1
| #define HAVE_SYS_TYPES_H 1
| #define HAVE_SYS_STAT_H 1
| #define HAVE_STDLIB_H 1
| #define HAVE_STRING_H 1
| #define HAVE_MEMORY_H 1
| #define HAVE_STRINGS_H 1
| #define HAVE_INTTYPES_H 1
| #define HAVE_STDINT_H 1
| #define HAVE_UNISTD_H 1
| #define HAVE_DLFCN_H 1
| #ifdef __cplusplus
| extern "C" void std::exit (int) throw (); using std::exit;
| #endif
| #define X_DISPLAY_MISSING 1
| #define HAVE_VLA 1
| #define HAVE_LIBM 1
| #define STDC_HEADERS 1
| #define HAVE_FCNTL_H 1
| #define HAVE_LIMITS_H 1
| #define HAVE_UNISTD_H 1
| #define HAVE_STDINT_H 1
| #define HAVE_STDBOOL_H 1
| #define HAVE_SYS_TYPES_H 1
| #define HAVE_SYS_TIME_H 1
| #define HAVE_STDLIB_H 1
| #define HAVE_STDDEF_H 1
| #define uchar unsigned char
| #define longlong long long
| /* end confdefs.h.  */
| #include <stdio.h>
| #if HAVE_SYS_TYPES_H
| # include <sys/types.h>
| #endif
| #if HAVE_SYS_STAT_H
| # include <sys/stat.h>
| #endif
| #if STDC_HEADERS
| # include <stdlib.h>
| # include <stddef.h>
| #else
| # if HAVE_STDLIB_H
| #  include <stdlib.h>
| # endif
| #endif
| #if HAVE_STRING_H
| # if !STDC_HEADERS && HAVE_MEMORY_H
| #  include <memory.h>
| # endif
| # include <string.h>
| #endif
| #if HAVE_STRINGS_H
| # include <strings.h>
| #endif
| #if HAVE_INTTYPES_H
| # include <inttypes.h>
| #else
| # if HAVE_STDINT_H
| #  include <stdint.h>
| # endif
| #endif
| #if HAVE_UNISTD_H
| # include <unistd.h>
| #endif
| int
| main ()
| {
| if ((ulonglong *) 0)
|   return 0;
| if (sizeof (ulonglong))
|   return 0;
|   ;
|   return 0;
| }
configure:21695: result: no
configure:21707: checking for ssize_t
configure:21731: gcc -c   conftest.c >&5
configure:21737: $? = 0
configure:21741: test -z 
			 || test ! -s conftest.err
configure:21744: $? = 0
configure:21747: test -s conftest.o
configure:21750: $? = 0
configure:21761: result: yes
configure:21777: checking for gettimeofday
configure:21834: gcc -o conftest    conftest.c -lm  >&5
configure:21840: $? = 0
configure:21844: test -z 
			 || test ! -s conftest.err
configure:21847: $? = 0
configure:21850: test -s conftest
configure:21853: $? = 0
configure:21865: result: yes
configure:21879: checking for getrusage
configure:21936: gcc -o conftest    conftest.c -lm  >&5
configure:21942: $? = 0
configure:21946: test -z 
			 || test ! -s conftest.err
configure:21949: $? = 0
configure:21952: test -s conftest
configure:21955: $? = 0
configure:21967: result: yes
configure:21986: checking for vprintf
configure:22043: gcc -o conftest    conftest.c -lm  >&5
conftest.c:69:6: warning: conflicting types for built-in function 'vprintf'; expected 'int(const char *, __va_list_tag *)' [-Wbuiltin-declaration-mismatch]
   69 | char vprintf ();
      |      ^~~~~~~
conftest.c:56:1: note: 'vprintf' is declared in header '<stdio.h>'
   55 | # include <limits.h>
   56 | #else
configure:22049: $? = 0
configure:22053: test -z 
			 || test ! -s conftest.err
configure:22056: $? = 0
configure:22059: test -s conftest
configure:22062: $? = 0
configure:22074: result: yes
configure:22081: checking for _doprnt
configure:22138: gcc -o conftest    conftest.c -lm  >&5
/usr/bin/ld: /mnt/68204F1D204EF19C/UMass_Amherst/PhD_Research/Carbon_Forecast/weather_data/grib2/tmp/ccli10Cf.o: in function `main':
conftest.c:(.text+0x12): undefined reference to `_doprnt'
/usr/bin/ld: /mnt/68204F1D204EF19C/UMass_Amherst/PhD_Research/Carbon_Forecast/weather_data/grib2/tmp/ccli10Cf.o:(.data.rel+0x0): undefined reference to `_doprnt'
collect2: error: ld returned 1 exit status
configure:22144: $? = 1
configure: failed program was:
| /* confdefs.h.  */
| 
| #define PACKAGE_NAME "jasper"
| #define PACKAGE_TARNAME "jasper"
| #define PACKAGE_VERSION "1.900.1"
| #define PACKAGE_STRING "jasper 1.900.1"
| #define PACKAGE_BUGREPORT ""
| #define PACKAGE "jasper"
| #define VERSION "1.900.1"
| #define JAS_VERSION "1.900.1"
| #define JAS_CONFIGURE 1
| #define STDC_HEADERS 1
| #define HAVE_SYS_TYPES_H 1
| #define HAVE_SYS_STAT_H 1
| #define HAVE_STDLIB_H 1
| #define HAVE_STRING_H 1
| #define HAVE_MEMORY_H 1
| #define HAVE_STRINGS_H 1
| #define HAVE_INTTYPES_H 1
| #define HAVE_STDINT_H 1
| #define HAVE_UNISTD_H 1
| #define HAVE_DLFCN_H 1
| #ifdef __cplusplus
| extern "C" void std::exit (int) throw (); using std::exit;
| #endif
| #define X_DISPLAY_MISSING 1
| #define HAVE_VLA 1
| #define HAVE_LIBM 1
| #define STDC_HEADERS 1
| #define HAVE_FCNTL_H 1
| #define HAVE_LIMITS_H 1
| #define HAVE_UNISTD_H 1
| #define HAVE_STDINT_H 1
| #define HAVE_STDBOOL_H 1
| #define HAVE_SYS_TYPES_H 1
| #define HAVE_SYS_TIME_H 1
| #define HAVE_STDLIB_H 1
| #define HAVE_STDDEF_H 1
| #define uchar unsigned char
| #define longlong long long
| #define ulonglong unsigned long long
| #define HAVE_GETTIMEOFDAY 1
| #define HAVE_GETRUSAGE 1
| #define HAVE_VPRINTF 1
| /* end confdefs.h.  */
| /* Define _doprnt to an innocuous variant, in case <limits.h> declares _doprnt.
|    For example, HP-UX 11i <limits.h> declares gettimeofday.  */
| #define _doprnt innocuous__doprnt
| 
| /* System header to define __stub macros and hopefully few prototypes,
|     which can conflict with char _doprnt (); below.
|     Prefer <limits.h> to <assert.h> if __STDC__ is defined, since
|     <limits.h> exists even on freestanding compilers.  */
| 
| #ifdef __STDC__
| # include <limits.h>
| #else
| # include <assert.h>
| #endif
| 
| #undef _doprnt
| 
| /* Override any gcc2 internal prototype to avoid an error.  */
| #ifdef __cplusplus
| extern "C"
| {
| #endif
| /* We use char because int might match the return type of a gcc2
|    builtin and then its argument prototype would still apply.  */
| char _doprnt ();
| /* The GNU C library defines this for functions which it implements
|     to always fail with ENOSYS.  Some functions are actually named
|     something starting with __ and the normal name is an alias.  */
| #if defined (__stub__doprnt) || defined (__stub____doprnt)
| choke me
| #else
| char (*f) () = _doprnt;
| #endif
| #ifdef __cplusplus
| }
| #endif
| 
| int
| main ()
| {
| return f != _doprnt;
|   ;
|   return 0;
| }
configure:22169: result: no
configure:22427: creating ./config.status

## ---------------------- ##
## Running config.status. ##
## ---------------------- ##

This file was extended by jasper config.status 1.900.1, which was
generated by GNU Autoconf 2.59.  Invocation command line was

  CONFIG_FILES    = 
  CONFIG_HEADERS  = 
  CONFIG_LINKS    = 
  CONFIG_COMMANDS = 
  $ ./config.status 

on diptyaroop-GS65

config.status:739: creating Makefile
config.status:739: creating src/Makefile
config.status:739: creating src/appl/Makefile
config.status:739: creating src/libjasper/Makefile
config.status:739: creating src/libjasper/base/Makefile
config.status:739: creating src/libjasper/bmp/Makefile
config.status:739: creating src/libjasper/include/Makefile
config.status:739: creating src/libjasper/include/jasper/Makefile
config.status:739: creating src/libjasper/jp2/Makefile
config.status:739: creating src/libjasper/jpc/Makefile
config.status:739: creating src/libjasper/jpg/Makefile
config.status:739: creating src/libjasper/mif/Makefile
config.status:739: creating src/libjasper/pgx/Makefile
config.status:739: creating src/libjasper/pnm/Makefile
config.status:739: creating src/libjasper/ras/Makefile
config.status:739: creating src/msvc/Makefile
config.status:739: creating jasper.spec
config.status:843: creating src/libjasper/include/jasper/jas_config.h
config.status:1011: src/libjasper/include/jasper/jas_config.h is unchanged
config.status:1191: executing depfiles commands

## ---------------- ##
## Cache variables. ##
## ---------------- ##

ac_cv_build=x86_64-unknown-linux-gnu
ac_cv_build_alias=x86_64-unknown-linux-gnu
ac_cv_c_compiler_gnu=yes
ac_cv_c_const=yes
ac_cv_c_inline=inline
ac_cv_cxx_compiler_gnu=yes
ac_cv_env_CC_set=set
ac_cv_env_CC_value=gcc
ac_cv_env_CFLAGS_set=set
ac_cv_env_CFLAGS_value=
ac_cv_env_CPPFLAGS_set=
ac_cv_env_CPPFLAGS_value=
ac_cv_env_CPP_set=
ac_cv_env_CPP_value=
ac_cv_env_CXXCPP_set=
ac_cv_env_CXXCPP_value=
ac_cv_env_CXXFLAGS_set=
ac_cv_env_CXXFLAGS_value=
ac_cv_env_CXX_set=
ac_cv_env_CXX_value=
ac_cv_env_F77_set=
ac_cv_env_F77_value=
ac_cv_env_FFLAGS_set=
ac_cv_env_FFLAGS_value=
ac_cv_env_LDFLAGS_set=
ac_cv_env_LDFLAGS_value=
ac_cv_env_build_alias_set=
ac_cv_env_build_alias_value=
ac_cv_env_host_alias_set=
ac_cv_env_host_alias_value=
ac_cv_env_target_alias_set=
ac_cv_env_target_alias_value=
ac_cv_exeext=
ac_cv_f77_compiler_gnu=yes
ac_cv_func__doprnt=no
ac_cv_func_getrusage=yes
ac_cv_func_gettimeofday=yes
ac_cv_func_vprintf=yes
ac_cv_header_dlfcn_h=yes
ac_cv_header_fcntl_h=yes
ac_cv_header_inttypes_h=yes
ac_cv_header_io_h=no
ac_cv_header_limits_h=yes
ac_cv_header_memory_h=yes
ac_cv_header_stdbool_h=yes
ac_cv_header_stdc=yes
ac_cv_header_stddef_h=yes
ac_cv_header_stdint_h=yes
ac_cv_header_stdlib_h=yes
ac_cv_header_string_h=yes
ac_cv_header_strings_h=yes
ac_cv_header_sys_stat_h=yes
ac_cv_header_sys_time_h=yes
ac_cv_header_sys_types_h=yes
ac_cv_header_unistd_h=yes
ac_cv_header_windows_h=no
ac_cv_host=x86_64-unknown-linux-gnu
ac_cv_host_alias=x86_64-unknown-linux-gnu
ac_cv_lib_m_main=yes
ac_cv_objext=o
ac_cv_path_install='/usr/bin/install -c'
ac_cv_prog_AWK=mawk
ac_cv_prog_CPP='gcc -E'
ac_cv_prog_CXXCPP='g++ -E'
ac_cv_prog_ac_ct_AR=ar
ac_cv_prog_ac_ct_CC=gcc
ac_cv_prog_ac_ct_CXX=g++
ac_cv_prog_ac_ct_F77=f77
ac_cv_prog_ac_ct_RANLIB=ranlib
ac_cv_prog_ac_ct_STRIP=strip
ac_cv_prog_cc_g=yes
ac_cv_prog_cc_stdc=
ac_cv_prog_cxx_g=yes
ac_cv_prog_egrep='grep -E'
ac_cv_prog_f77_g=yes
ac_cv_prog_make_make_set=yes
ac_cv_target=x86_64-unknown-linux-gnu
ac_cv_target_alias=x86_64-unknown-linux-gnu
ac_cv_type_longlong=no
ac_cv_type_size_t=yes
ac_cv_type_ssize_t=yes
ac_cv_type_uchar=no
ac_cv_type_uint=yes
ac_cv_type_ulong=yes
ac_cv_type_ulonglong=no
ac_cv_type_ushort=yes
am_cv_CC_dependencies_compiler_type=gcc3
am_cv_CXX_dependencies_compiler_type=gcc3
lt_cv_deplibs_check_method=pass_all
lt_cv_file_magic_cmd='$MAGIC_CMD'
lt_cv_file_magic_test_file=
lt_cv_ld_reload_flag=-r
lt_cv_objdir=.libs
lt_cv_path_LD=/usr/bin/ld
lt_cv_path_LDCXX='/usr/bin/ld -m elf_x86_64'
lt_cv_path_NM='/usr/bin/nm -B'
lt_cv_path_SED=/usr/bin/sed
lt_cv_prog_compiler_c_o=yes
lt_cv_prog_compiler_c_o_CXX=yes
lt_cv_prog_compiler_c_o_F77=yes
lt_cv_prog_compiler_rtti_exceptions=no
lt_cv_prog_gnu_ld=yes
lt_cv_prog_gnu_ldcxx=yes
lt_cv_sys_global_symbol_pipe='sed -n -e '\''s/^.*[ 	]\([ABCDGIRSTW][ABCDGIRSTW]*\)[ 	][ 	]*\([_A-Za-z][_A-Za-z0-9]*\)$/\1 \2 \2/p'\'''
lt_cv_sys_global_symbol_to_c_name_address='sed -n -e '\''s/^: \([^ ]*\) $/  {\"\1\", (lt_ptr) 0},/p'\'' -e '\''s/^[BCDEGRST] \([^ ]*\) \([^ ]*\)$/  {"\2", (lt_ptr) \&\2},/p'\'''
lt_cv_sys_global_symbol_to_cdecl='sed -n -e '\''s/^. .* \(.*\)$/extern int \1;/p'\'''
lt_cv_sys_max_cmd_len=32768
lt_lt_cv_prog_compiler_c_o='"yes"'
lt_lt_cv_prog_compiler_c_o_CXX='"yes"'
lt_lt_cv_prog_compiler_c_o_F77='"yes"'
lt_lt_cv_sys_global_symbol_pipe='"sed -n -e '\''s/^.*[ 	]\\([ABCDGIRSTW][ABCDGIRSTW]*\\)[ 	][ 	]*\\([_A-Za-z][_A-Za-z0-9]*\\)\$/\\1 \\2 \\2/p'\''"'
lt_lt_cv_sys_global_symbol_to_c_name_address='"sed -n -e '\''s/^: \\([^ ]*\\) \$/  {\\\"\\1\\\", (lt_ptr) 0},/p'\'' -e '\''s/^[BCDEGRST] \\([^ ]*\\) \\([^ ]*\\)\$/  {\"\\2\", (lt_ptr) \\&\\2},/p'\''"'
lt_lt_cv_sys_global_symbol_to_cdecl='"sed -n -e '\''s/^. .* \\(.*\\)\$/extern int \\1;/p'\''"'

## ----------------- ##
## Output variables. ##
## ----------------- ##

ACLOCAL='${SHELL} /mnt/68204F1D204EF19C/UMass_Amherst/PhD_Research/Carbon_Forecast/weather_data/grib2/jasper-1.900.1/acaux/missing --run aclocal-1.9'
AMDEPBACKSLASH='\'
AMDEP_FALSE='#'
AMDEP_TRUE=''
AMTAR='${SHELL} /mnt/68204F1D204EF19C/UMass_Amherst/PhD_Research/Carbon_Forecast/weather_data/grib2/jasper-1.900.1/acaux/missing --run tar'
AR='ar'
AUTOCONF='${SHELL} /mnt/68204F1D204EF19C/UMass_Amherst/PhD_Research/Carbon_Forecast/weather_data/grib2/jasper-1.900.1/acaux/missing --run autoconf'
AUTOHEADER='${SHELL} /mnt/68204F1D204EF19C/UMass_Amherst/PhD_Research/Carbon_Forecast/weather_data/grib2/jasper-1.900.1/acaux/missing --run autoheader'
AUTOMAKE='${SHELL} /mnt/68204F1D204EF19C/UMass_Amherst/PhD_Research/Carbon_Forecast/weather_data/grib2/jasper-1.900.1/acaux/missing --run automake-1.9'
AWK='mawk'
CC='gcc'
CCDEPMODE='depmode=gcc3'
CFLAGS=''
CPP='gcc -E'
CPPFLAGS=''
CXX='g++'
CXXCPP='g++ -E'
CXXDEPMODE='depmode=gcc3'
CXXFLAGS='-g -O2'
CYGPATH_W='echo'
DEFS='-DHAVE_CONFIG_H'
DEPDIR='.deps'
ECHO='echo'
ECHO_C=''
ECHO_N='-n'
ECHO_T=''
EGREP='grep -E'
EXEEXT=''
F77='f77'
FFLAGS='-g -O2'
HAVE_LIBJPEG_FALSE=''
HAVE_LIBJPEG_TRUE='#'
HAVE_OPENGL_FALSE=''
HAVE_OPENGL_TRUE='#'
INSTALL_DATA='${INSTALL} -m 644'
INSTALL_PROGRAM='${INSTALL}'
INSTALL_SCRIPT='${INSTALL}'
INSTALL_STRIP_PROGRAM='${SHELL} $(install_sh) -c -s'
JAS_MAJOR_VERSION='1'
JAS_MICRO_VERSION='1'
JAS_MINOR_VERSION='900'
JAS_RPM_RELEASE='1'
JAS_VERSION='1.900.1'
LDFLAGS=''
LIBOBJS=''
LIBS='-lm '
LIBTOOL='$(SHELL) $(top_builddir)/libtool'
LN_S='ln -s'
LTLIBOBJS=''
LT_AGE='0'
LT_CURRENT='1'
LT_RELEASE='1.900'
LT_REVISION='0'
MAKEINFO='${SHELL} /mnt/68204F1D204EF19C/UMass_Amherst/PhD_Research/Carbon_Forecast/weather_data/grib2/jasper-1.900.1/acaux/missing --run makeinfo'
OBJEXT='o'
OPENGL_LIBS=''
PACKAGE='jasper'
PACKAGE_BUGREPORT=''
PACKAGE_NAME='jasper'
PACKAGE_STRING='jasper 1.900.1'
PACKAGE_TARNAME='jasper'
PACKAGE_VERSION='1.900.1'
PATH_SEPARATOR=':'
RANLIB='ranlib'
SED='/usr/bin/sed'
SET_MAKE=''
SHELL='/bin/bash'
STRIP='strip'
VERSION='1.900.1'
X_CFLAGS=''
X_EXTRA_LIBS=''
X_LIBS=''
X_PRE_LIBS=''
ac_ct_AR='ar'
ac_ct_CC='gcc'
ac_ct_CXX='g++'
ac_ct_F77='f77'
ac_ct_RANLIB='ranlib'
ac_ct_STRIP='strip'
am__fastdepCC_FALSE='#'
am__fastdepCC_TRUE=''
am__fastdepCXX_FALSE='#'
am__fastdepCXX_TRUE=''
am__include='include'
am__leading_dot='.'
am__quote=''
am__tar='${AMTAR} chof - "$$tardir"'
am__untar='${AMTAR} xf -'
bindir='${exec_prefix}/bin'
build='x86_64-unknown-linux-gnu'
build_alias=''
build_cpu='x86_64'
build_os='linux-gnu'
build_vendor='unknown'
datadir='${prefix}/share'
exec_prefix='${prefix}'
host='x86_64-unknown-linux-gnu'
host_alias=''
host_cpu='x86_64'
host_os='linux-gnu'
host_vendor='unknown'
includedir='${prefix}/include'
infodir='${prefix}/info'
install_sh='/mnt/68204F1D204EF19C/UMass_Amherst/PhD_Research/Carbon_Forecast/weather_data/grib2/jasper-1.900.1/acaux/install-sh'
libdir='${exec_prefix}/lib'
libexecdir='${exec_prefix}/libexec'
localstatedir='${prefix}/var'
mandir='${prefix}/man'
mkdir_p='mkdir -p --'
oldincludedir='/usr/include'
prefix='/mnt/68204F1D204EF19C/UMass_Amherst/PhD_Research/Carbon_Forecast/weather_data/grib2'
program_transform_name='s,x,x,'
sbindir='${exec_prefix}/sbin'
sharedstatedir='${prefix}/com'
sysconfdir='${prefix}/etc'
target='x86_64-unknown-linux-gnu'
target_alias=''
target_cpu='x86_64'
target_os='linux-gnu'
target_vendor='unknown'

## ----------- ##
## confdefs.h. ##
## ----------- ##

#define HAVE_DLFCN_H 1
#define HAVE_FCNTL_H 1
#define HAVE_GETRUSAGE 1
#define HAVE_GETTIMEOFDAY 1
#define HAVE_INTTYPES_H 1
#define HAVE_LIBM 1
#define HAVE_LIMITS_H 1
#define HAVE_MEMORY_H 1
#define HAVE_STDBOOL_H 1
#define HAVE_STDDEF_H 1
#define HAVE_STDINT_H 1
#define HAVE_STDINT_H 1
#define HAVE_STDLIB_H 1
#define HAVE_STDLIB_H 1
#define HAVE_STRINGS_H 1
#define HAVE_STRING_H 1
#define HAVE_SYS_STAT_H 1
#define HAVE_SYS_TIME_H 1
#define HAVE_SYS_TYPES_H 1
#define HAVE_SYS_TYPES_H 1
#define HAVE_UNISTD_H 1
#define HAVE_UNISTD_H 1
#define HAVE_VLA 1
#define HAVE_VPRINTF 1
#define JAS_CONFIGURE 1
#define JAS_VERSION "1.900.1"
#define PACKAGE "jasper"
#define PACKAGE_BUGREPORT ""
#define PACKAGE_NAME "jasper"
#define PACKAGE_STRING "jasper 1.900.1"
#define PACKAGE_TARNAME "jasper"
#define PACKAGE_VERSION "1.900.1"
#define STDC_HEADERS 1
#define STDC_HEADERS 1
#define VERSION "1.900.1"
#define X_DISPLAY_MISSING 1
#define longlong long long
#define uchar unsigned char
#define ulonglong unsigned long long
#endif
#ifdef __cplusplus
extern "C" void std::exit (int) throw (); using std::exit;

configure: exit 0
