This file contains any messages produced by compilers while
running configure, to aid debugging if configure makes a mistake.

It was created by libaec configure 1.0.2, which was
generated by GNU Autoconf 2.69.  Invocation command line was

  $ ./configure --disable-shared --prefix=/mnt/68204F1D204EF19C/UMass_Amherst/PhD_Research/Carbon_Forecast/weather_data/grib2

## --------- ##
## Platform. ##
## --------- ##

hostname = diptyaroop-GS65
uname -m = x86_64
uname -r = 5.11.0-41-generic
uname -s = Linux
uname -v = #45~20.04.1-Ubuntu SMP Wed Nov 10 10:20:10 UTC 2021

/usr/bin/uname -p = x86_64
/bin/uname -X     = unknown

/bin/arch              = x86_64
/usr/bin/arch -k       = unknown
/usr/convex/getsysinfo = unknown
/usr/bin/hostinfo      = unknown
/bin/machine           = unknown
/usr/bin/oslevel       = unknown
/bin/universe          = unknown

PATH: /usr/local/sbin
PATH: /usr/local/bin
PATH: /usr/sbin
PATH: /usr/bin
PATH: /sbin
PATH: /bin
PATH: /snap/bin


## ----------- ##
## Core tests. ##
## ----------- ##

configure:2419: checking build system type
configure:2433: result: x86_64-pc-linux-gnu
configure:2453: checking host system type
configure:2466: result: x86_64-pc-linux-gnu
configure:2507: checking how to print strings
configure:2534: result: printf
configure:2606: checking for gcc
configure:2633: result: gcc
configure:2862: checking for C compiler version
configure:2871: gcc --version >&5
gcc (Ubuntu 9.3.0-17ubuntu1~20.04) 9.3.0
Copyright (C) 2019 Free Software Foundation, Inc.
This is free software; see the source for copying conditions.  There is NO
warranty; not even for MERCHANTABILITY or FITNESS FOR A PARTICULAR PURPOSE.

configure:2882: $? = 0
configure:2871: gcc -v >&5
Using built-in specs.
COLLECT_GCC=gcc
COLLECT_LTO_WRAPPER=/usr/lib/gcc/x86_64-linux-gnu/9/lto-wrapper
OFFLOAD_TARGET_NAMES=nvptx-none:hsa
OFFLOAD_TARGET_DEFAULT=1
Target: x86_64-linux-gnu
Configured with: ../src/configure -v --with-pkgversion='Ubuntu 9.3.0-17ubuntu1~20.04' --with-bugurl=file:///usr/share/doc/gcc-9/README.Bugs --enable-languages=c,ada,c++,go,brig,d,fortran,objc,obj-c++,gm2 --prefix=/usr --with-gcc-major-version-only --program-suffix=-9 --program-prefix=x86_64-linux-gnu- --enable-shared --enable-linker-build-id --libexecdir=/usr/lib --without-included-gettext --enable-threads=posix --libdir=/usr/lib --enable-nls --enable-clocale=gnu --enable-libstdcxx-debug --enable-libstdcxx-time=yes --with-default-libstdcxx-abi=new --enable-gnu-unique-object --disable-vtable-verify --enable-plugin --enable-default-pie --with-system-zlib --with-target-system-zlib=auto --enable-objc-gc=auto --enable-multiarch --disable-werror --with-arch-32=i686 --with-abi=m64 --with-multilib-list=m32,m64,mx32 --enable-multilib --with-tune=generic --enable-offload-targets=nvptx-none=/build/gcc-9-HskZEa/gcc-9-9.3.0/debian/tmp-nvptx/usr,hsa --without-cuda-driver --enable-checking=release --build=x86_64-linux-gnu --host=x86_64-linux-gnu --target=x86_64-linux-gnu
Thread model: posix
gcc version 9.3.0 (Ubuntu 9.3.0-17ubuntu1~20.04) 
configure:2882: $? = 0
configure:2871: gcc -V >&5
gcc: error: unrecognized command line option '-V'
gcc: fatal error: no input files
compilation terminated.
configure:2882: $? = 1
configure:2871: gcc -qversion >&5
gcc: error: unrecognized command line option '-qversion'; did you mean '--version'?
gcc: fatal error: no input files
compilation terminated.
configure:2882: $? = 1
configure:2902: checking whether the C compiler works
configure:2924: gcc  -I/mnt/68204F1D204EF19C/UMass_Amherst/PhD_Research/Carbon_Forecast/weather_data/grib2/include -Wall -Wmissing-prototypes -Wold-style-definition -Werror=format-security -ffast-math -O3 -DGFORTRAN -fopenmp -I/mnt/68204F1D204EF19C/UMass_Amherst/PhD_Research/Carbon_Forecast/weather_data/grib2/jasper-1.900.1/src/libjasper/include    conftest.c  >&5
conftest.c: In function 'main':
conftest.c:11:1: warning: old-style function definition [-Wold-style-definition]
   11 | main ()
      | ^~~~
configure:2928: $? = 0
configure:2976: result: yes
configure:2979: checking for C compiler default output file name
configure:2981: result: a.out
configure:2987: checking for suffix of executables
configure:2994: gcc -o conftest  -I/mnt/68204F1D204EF19C/UMass_Amherst/PhD_Research/Carbon_Forecast/weather_data/grib2/include -Wall -Wmissing-prototypes -Wold-style-definition -Werror=format-security -ffast-math -O3 -DGFORTRAN -fopenmp -I/mnt/68204F1D204EF19C/UMass_Amherst/PhD_Research/Carbon_Forecast/weather_data/grib2/jasper-1.900.1/src/libjasper/include    conftest.c  >&5
conftest.c: In function 'main':
conftest.c:11:1: warning: old-style function definition [-Wold-style-definition]
   11 | main ()
      | ^~~~
configure:2998: $? = 0
configure:3020: result: 
configure:3042: checking whether we are cross compiling
configure:3050: gcc -o conftest  -I/mnt/68204F1D204EF19C/UMass_Amherst/PhD_Research/Carbon_Forecast/weather_data/grib2/include -Wall -Wmissing-prototypes -Wold-style-definition -Werror=format-security -ffast-math -O3 -DGFORTRAN -fopenmp -I/mnt/68204F1D204EF19C/UMass_Amherst/PhD_Research/Carbon_Forecast/weather_data/grib2/jasper-1.900.1/src/libjasper/include    conftest.c  >&5
conftest.c: In function 'main':
conftest.c:11:1: warning: old-style function definition [-Wold-style-definition]
   11 | main ()
      | ^~~~
configure:3054: $? = 0
configure:3061: ./conftest
configure:3065: $? = 0
configure:3053: result: no
configure:3058: checking for suffix of object files
configure:3080: gcc -c  -I/mnt/68204F1D204EF19C/UMass_Amherst/PhD_Research/Carbon_Forecast/weather_data/grib2/include -Wall -Wmissing-prototypes -Wold-style-definition -Werror=format-security -ffast-math -O3 -DGFORTRAN -fopenmp -I/mnt/68204F1D204EF19C/UMass_Amherst/PhD_Research/Carbon_Forecast/weather_data/grib2/jasper-1.900.1/src/libjasper/include   conftest.c >&5
conftest.c: In function 'main':
conftest.c:11:1: warning: old-style function definition [-Wold-style-definition]
   11 | main ()
      | ^~~~
configure:3084: $? = 0
configure:3105: result: o
configure:3109: checking whether we are using the GNU C compiler
configure:3128: gcc -c  -I/mnt/68204F1D204EF19C/UMass_Amherst/PhD_Research/Carbon_Forecast/weather_data/grib2/include -Wall -Wmissing-prototypes -Wold-style-definition -Werror=format-security -ffast-math -O3 -DGFORTRAN -fopenmp -I/mnt/68204F1D204EF19C/UMass_Amherst/PhD_Research/Carbon_Forecast/weather_data/grib2/jasper-1.900.1/src/libjasper/include   conftest.c >&5
conftest.c: In function 'main':
conftest.c:11:1: warning: old-style function definition [-Wold-style-definition]
   11 | main ()
      | ^~~~
configure:3128: $? = 0
configure:3137: result: yes
configure:3146: checking whether gcc accepts -g
configure:3166: gcc -c -g  conftest.c >&5
configure:3166: $? = 0
configure:3207: result: yes
configure:3224: checking for gcc option to accept ISO C89
configure:3287: gcc  -c  -I/mnt/68204F1D204EF19C/UMass_Amherst/PhD_Research/Carbon_Forecast/weather_data/grib2/include -Wall -Wmissing-prototypes -Wold-style-definition -Werror=format-security -ffast-math -O3 -DGFORTRAN -fopenmp -I/mnt/68204F1D204EF19C/UMass_Amherst/PhD_Research/Carbon_Forecast/weather_data/grib2/jasper-1.900.1/src/libjasper/include   conftest.c >&5
conftest.c: In function 'e':
conftest.c:15:14: warning: old-style function definition [-Wold-style-definition]
   15 | static char *e (p, i)
      |              ^
conftest.c: In function 'main':
conftest.c:52:1: warning: old-style function definition [-Wold-style-definition]
   52 | main ()
      | ^~~~
configure:3287: $? = 0
configure:3300: result: none needed
configure:3325: checking whether gcc understands -c and -o together
configure:3347: gcc -c conftest.c -o conftest2.o
configure:3350: $? = 0
configure:3347: gcc -c conftest.c -o conftest2.o
configure:3350: $? = 0
configure:3362: result: yes
configure:3379: checking for a sed that does not truncate output
configure:3443: result: /usr/bin/sed
configure:3461: checking for grep that handles long lines and -e
configure:3519: result: /usr/bin/grep
configure:3524: checking for egrep
configure:3586: result: /usr/bin/grep -E
configure:3591: checking for fgrep
configure:3653: result: /usr/bin/grep -F
configure:3688: checking for ld used by gcc
configure:3755: result: /usr/bin/ld
configure:3762: checking if the linker (/usr/bin/ld) is GNU ld
configure:3777: result: yes
configure:3789: checking for BSD- or MS-compatible name lister (nm)
configure:3843: result: /usr/bin/nm -B
configure:3973: checking the name lister (/usr/bin/nm -B) interface
configure:3980: gcc -c  -I/mnt/68204F1D204EF19C/UMass_Amherst/PhD_Research/Carbon_Forecast/weather_data/grib2/include -Wall -Wmissing-prototypes -Wold-style-definition -Werror=format-security -ffast-math -O3 -DGFORTRAN -fopenmp -I/mnt/68204F1D204EF19C/UMass_Amherst/PhD_Research/Carbon_Forecast/weather_data/grib2/jasper-1.900.1/src/libjasper/include   conftest.c >&5
configure:3983: /usr/bin/nm -B "conftest.o"
configure:3986: output
0000000000000000 B some_variable
configure:3987: result: BSD nm
configure:3990: checking whether ln -s works
configure:3994: result: yes
configure:4002: checking the maximum length of command line arguments
configure:4133: result: 1572864
configure:4181: checking how to convert x86_64-pc-linux-gnu file names to x86_64-pc-linux-gnu format
configure:4221: result: func_convert_file_noop
configure:4228: checking how to convert x86_64-pc-linux-gnu file names to toolchain format
configure:4248: result: func_convert_file_noop
configure:4255: checking for /usr/bin/ld option to reload object files
configure:4262: result: -r
configure:4336: checking for objdump
configure:4352: found /usr/bin/objdump
configure:4363: result: objdump
configure:4395: checking how to recognize dependent libraries
configure:4595: result: pass_all
configure:4680: checking for dlltool
configure:4710: result: no
configure:4740: checking how to associate runtime and link libraries
configure:4767: result: printf %s\n
configure:4828: checking for ar
configure:4844: found /usr/bin/ar
configure:4855: result: ar
configure:4892: checking for archiver @FILE support
configure:4909: gcc -c  -I/mnt/68204F1D204EF19C/UMass_Amherst/PhD_Research/Carbon_Forecast/weather_data/grib2/include -Wall -Wmissing-prototypes -Wold-style-definition -Werror=format-security -ffast-math -O3 -DGFORTRAN -fopenmp -I/mnt/68204F1D204EF19C/UMass_Amherst/PhD_Research/Carbon_Forecast/weather_data/grib2/jasper-1.900.1/src/libjasper/include   conftest.c >&5
conftest.c: In function 'main':
conftest.c:11:1: warning: old-style function definition [-Wold-style-definition]
   11 | main ()
      | ^~~~
configure:4909: $? = 0
configure:4912: ar cru libconftest.a @conftest.lst >&5
ar: `u' modifier ignored since `D' is the default (see `U')
configure:4915: $? = 0
configure:4920: ar cru libconftest.a @conftest.lst >&5
ar: `u' modifier ignored since `D' is the default (see `U')
ar: conftest.o: No such file or directory
configure:4923: $? = 1
configure:4922: result: @
configure:4980: checking for strip
configure:4996: found /usr/bin/strip
configure:5007: result: strip
configure:5079: checking for ranlib
configure:5095: found /usr/bin/ranlib
configure:5106: result: ranlib
configure:5183: checking for gawk
configure:5213: result: no
configure:5183: checking for mawk
configure:5199: found /usr/bin/mawk
configure:5210: result: mawk
configure:5250: checking command to parse /usr/bin/nm -B output from gcc object
configure:5403: gcc -c  -I/mnt/68204F1D204EF19C/UMass_Amherst/PhD_Research/Carbon_Forecast/weather_data/grib2/include -Wall -Wmissing-prototypes -Wold-style-definition -Werror=format-security -ffast-math -O3 -DGFORTRAN -fopenmp -I/mnt/68204F1D204EF19C/UMass_Amherst/PhD_Research/Carbon_Forecast/weather_data/grib2/jasper-1.900.1/src/libjasper/include   conftest.c >&5
conftest.c: In function 'main':
conftest.c:10:5: warning: old-style function definition [-Wold-style-definition]
   10 | int main(){nm_test_var='a';nm_test_func();return(0);}
      |     ^~~~
configure:5406: $? = 0
configure:5410: /usr/bin/nm -B conftest.o \| sed -n -e 's/^.*[ ]\([ABCDGIRSTW][ABCDGIRSTW]*\)[ ][ ]*\([_A-Za-z][_A-Za-z0-9]*\)$/\1 \2 \2/p' | sed '/ __gnu_lto/d' \> conftest.nm
configure:5413: $? = 0
configure:5479: gcc -o conftest  -I/mnt/68204F1D204EF19C/UMass_Amherst/PhD_Research/Carbon_Forecast/weather_data/grib2/include -Wall -Wmissing-prototypes -Wold-style-definition -Werror=format-security -ffast-math -O3 -DGFORTRAN -fopenmp -I/mnt/68204F1D204EF19C/UMass_Amherst/PhD_Research/Carbon_Forecast/weather_data/grib2/jasper-1.900.1/src/libjasper/include    conftest.c conftstm.o >&5
configure:5482: $? = 0
configure:5520: result: ok
configure:5567: checking for sysroot
configure:5597: result: no
configure:5604: checking for a working dd
configure:5642: result: /usr/bin/dd
configure:5646: checking how to truncate binary pipes
configure:5661: result: /usr/bin/dd bs=4096 count=1
configure:5797: gcc -c  -I/mnt/68204F1D204EF19C/UMass_Amherst/PhD_Research/Carbon_Forecast/weather_data/grib2/include -Wall -Wmissing-prototypes -Wold-style-definition -Werror=format-security -ffast-math -O3 -DGFORTRAN -fopenmp -I/mnt/68204F1D204EF19C/UMass_Amherst/PhD_Research/Carbon_Forecast/weather_data/grib2/jasper-1.900.1/src/libjasper/include   conftest.c >&5
configure:5800: $? = 0
configure:5990: checking for mt
configure:6006: found /usr/bin/mt
configure:6017: result: mt
configure:6040: checking if mt is a manifest tool
configure:6046: mt '-?'
configure:6054: result: no
configure:6731: checking how to run the C preprocessor
configure:6762: gcc -E  conftest.c
configure:6762: $? = 0
configure:6776: gcc -E  conftest.c
conftest.c:9:10: fatal error: ac_nonexistent.h: No such file or directory
    9 | #include <ac_nonexistent.h>
      |          ^~~~~~~~~~~~~~~~~~
compilation terminated.
configure:6776: $? = 1
configure: failed program was:
| /* confdefs.h */
| #define PACKAGE_NAME "libaec"
| #define PACKAGE_TARNAME "libaec"
| #define PACKAGE_VERSION "1.0.2"
| #define PACKAGE_STRING "libaec 1.0.2"
| #define PACKAGE_BUGREPORT "rosenhauer@dkrz.de"
| #define PACKAGE_URL ""
| /* end confdefs.h.  */
| #include <ac_nonexistent.h>
configure:6801: result: gcc -E
configure:6821: gcc -E  conftest.c
configure:6821: $? = 0
configure:6835: gcc -E  conftest.c
conftest.c:9:10: fatal error: ac_nonexistent.h: No such file or directory
    9 | #include <ac_nonexistent.h>
      |          ^~~~~~~~~~~~~~~~~~
compilation terminated.
configure:6835: $? = 1
configure: failed program was:
| /* confdefs.h */
| #define PACKAGE_NAME "libaec"
| #define PACKAGE_TARNAME "libaec"
| #define PACKAGE_VERSION "1.0.2"
| #define PACKAGE_STRING "libaec 1.0.2"
| #define PACKAGE_BUGREPORT "rosenhauer@dkrz.de"
| #define PACKAGE_URL ""
| /* end confdefs.h.  */
| #include <ac_nonexistent.h>
configure:6864: checking for ANSI C header files
configure:6884: gcc -c  -I/mnt/68204F1D204EF19C/UMass_Amherst/PhD_Research/Carbon_Forecast/weather_data/grib2/include -Wall -Wmissing-prototypes -Wold-style-definition -Werror=format-security -ffast-math -O3 -DGFORTRAN -fopenmp -I/mnt/68204F1D204EF19C/UMass_Amherst/PhD_Research/Carbon_Forecast/weather_data/grib2/jasper-1.900.1/src/libjasper/include   conftest.c >&5
conftest.c: In function 'main':
conftest.c:15:1: warning: old-style function definition [-Wold-style-definition]
   15 | main ()
      | ^~~~
configure:6884: $? = 0
configure:6957: gcc -o conftest  -I/mnt/68204F1D204EF19C/UMass_Amherst/PhD_Research/Carbon_Forecast/weather_data/grib2/include -Wall -Wmissing-prototypes -Wold-style-definition -Werror=format-security -ffast-math -O3 -DGFORTRAN -fopenmp -I/mnt/68204F1D204EF19C/UMass_Amherst/PhD_Research/Carbon_Forecast/weather_data/grib2/jasper-1.900.1/src/libjasper/include    conftest.c  >&5
conftest.c: In function 'main':
conftest.c:21:1: warning: old-style function definition [-Wold-style-definition]
   21 | main ()
      | ^~~~
configure:6957: $? = 0
configure:6957: ./conftest
configure:6957: $? = 0
configure:6968: result: yes
configure:6981: checking for sys/types.h
configure:6981: gcc -c  -I/mnt/68204F1D204EF19C/UMass_Amherst/PhD_Research/Carbon_Forecast/weather_data/grib2/include -Wall -Wmissing-prototypes -Wold-style-definition -Werror=format-security -ffast-math -O3 -DGFORTRAN -fopenmp -I/mnt/68204F1D204EF19C/UMass_Amherst/PhD_Research/Carbon_Forecast/weather_data/grib2/jasper-1.900.1/src/libjasper/include   conftest.c >&5
configure:6981: $? = 0
configure:6981: result: yes
configure:6981: checking for sys/stat.h
configure:6981: gcc -c  -I/mnt/68204F1D204EF19C/UMass_Amherst/PhD_Research/Carbon_Forecast/weather_data/grib2/include -Wall -Wmissing-prototypes -Wold-style-definition -Werror=format-security -ffast-math -O3 -DGFORTRAN -fopenmp -I/mnt/68204F1D204EF19C/UMass_Amherst/PhD_Research/Carbon_Forecast/weather_data/grib2/jasper-1.900.1/src/libjasper/include   conftest.c >&5
configure:6981: $? = 0
configure:6981: result: yes
configure:6981: checking for stdlib.h
configure:6981: gcc -c  -I/mnt/68204F1D204EF19C/UMass_Amherst/PhD_Research/Carbon_Forecast/weather_data/grib2/include -Wall -Wmissing-prototypes -Wold-style-definition -Werror=format-security -ffast-math -O3 -DGFORTRAN -fopenmp -I/mnt/68204F1D204EF19C/UMass_Amherst/PhD_Research/Carbon_Forecast/weather_data/grib2/jasper-1.900.1/src/libjasper/include   conftest.c >&5
configure:6981: $? = 0
configure:6981: result: yes
configure:6981: checking for string.h
configure:6981: gcc -c  -I/mnt/68204F1D204EF19C/UMass_Amherst/PhD_Research/Carbon_Forecast/weather_data/grib2/include -Wall -Wmissing-prototypes -Wold-style-definition -Werror=format-security -ffast-math -O3 -DGFORTRAN -fopenmp -I/mnt/68204F1D204EF19C/UMass_Amherst/PhD_Research/Carbon_Forecast/weather_data/grib2/jasper-1.900.1/src/libjasper/include   conftest.c >&5
configure:6981: $? = 0
configure:6981: result: yes
configure:6981: checking for memory.h
configure:6981: gcc -c  -I/mnt/68204F1D204EF19C/UMass_Amherst/PhD_Research/Carbon_Forecast/weather_data/grib2/include -Wall -Wmissing-prototypes -Wold-style-definition -Werror=format-security -ffast-math -O3 -DGFORTRAN -fopenmp -I/mnt/68204F1D204EF19C/UMass_Amherst/PhD_Research/Carbon_Forecast/weather_data/grib2/jasper-1.900.1/src/libjasper/include   conftest.c >&5
configure:6981: $? = 0
configure:6981: result: yes
configure:6981: checking for strings.h
configure:6981: gcc -c  -I/mnt/68204F1D204EF19C/UMass_Amherst/PhD_Research/Carbon_Forecast/weather_data/grib2/include -Wall -Wmissing-prototypes -Wold-style-definition -Werror=format-security -ffast-math -O3 -DGFORTRAN -fopenmp -I/mnt/68204F1D204EF19C/UMass_Amherst/PhD_Research/Carbon_Forecast/weather_data/grib2/jasper-1.900.1/src/libjasper/include   conftest.c >&5
configure:6981: $? = 0
configure:6981: result: yes
configure:6981: checking for inttypes.h
configure:6981: gcc -c  -I/mnt/68204F1D204EF19C/UMass_Amherst/PhD_Research/Carbon_Forecast/weather_data/grib2/include -Wall -Wmissing-prototypes -Wold-style-definition -Werror=format-security -ffast-math -O3 -DGFORTRAN -fopenmp -I/mnt/68204F1D204EF19C/UMass_Amherst/PhD_Research/Carbon_Forecast/weather_data/grib2/jasper-1.900.1/src/libjasper/include   conftest.c >&5
configure:6981: $? = 0
configure:6981: result: yes
configure:6981: checking for stdint.h
configure:6981: gcc -c  -I/mnt/68204F1D204EF19C/UMass_Amherst/PhD_Research/Carbon_Forecast/weather_data/grib2/include -Wall -Wmissing-prototypes -Wold-style-definition -Werror=format-security -ffast-math -O3 -DGFORTRAN -fopenmp -I/mnt/68204F1D204EF19C/UMass_Amherst/PhD_Research/Carbon_Forecast/weather_data/grib2/jasper-1.900.1/src/libjasper/include   conftest.c >&5
configure:6981: $? = 0
configure:6981: result: yes
configure:6981: checking for unistd.h
configure:6981: gcc -c  -I/mnt/68204F1D204EF19C/UMass_Amherst/PhD_Research/Carbon_Forecast/weather_data/grib2/include -Wall -Wmissing-prototypes -Wold-style-definition -Werror=format-security -ffast-math -O3 -DGFORTRAN -fopenmp -I/mnt/68204F1D204EF19C/UMass_Amherst/PhD_Research/Carbon_Forecast/weather_data/grib2/jasper-1.900.1/src/libjasper/include   conftest.c >&5
configure:6981: $? = 0
configure:6981: result: yes
configure:6995: checking for dlfcn.h
configure:6995: gcc -c  -I/mnt/68204F1D204EF19C/UMass_Amherst/PhD_Research/Carbon_Forecast/weather_data/grib2/include -Wall -Wmissing-prototypes -Wold-style-definition -Werror=format-security -ffast-math -O3 -DGFORTRAN -fopenmp -I/mnt/68204F1D204EF19C/UMass_Amherst/PhD_Research/Carbon_Forecast/weather_data/grib2/jasper-1.900.1/src/libjasper/include   conftest.c >&5
configure:6995: $? = 0
configure:6995: result: yes
configure:7251: checking for objdir
configure:7266: result: .libs
configure:7530: checking if gcc supports -fno-rtti -fno-exceptions
configure:7548: gcc -c  -I/mnt/68204F1D204EF19C/UMass_Amherst/PhD_Research/Carbon_Forecast/weather_data/grib2/include -Wall -Wmissing-prototypes -Wold-style-definition -Werror=format-security -ffast-math -O3 -DGFORTRAN -fopenmp -I/mnt/68204F1D204EF19C/UMass_Amherst/PhD_Research/Carbon_Forecast/weather_data/grib2/jasper-1.900.1/src/libjasper/include   -fno-rtti -fno-exceptions conftest.c >&5
cc1: warning: command line option '-fno-rtti' is valid for C++/D/ObjC++ but not for C
configure:7552: $? = 0
configure:7565: result: no
configure:7923: checking for gcc option to produce PIC
configure:7930: result: -fPIC -DPIC
configure:7938: checking if gcc PIC flag -fPIC -DPIC works
configure:7956: gcc -c  -I/mnt/68204F1D204EF19C/UMass_Amherst/PhD_Research/Carbon_Forecast/weather_data/grib2/include -Wall -Wmissing-prototypes -Wold-style-definition -Werror=format-security -ffast-math -O3 -DGFORTRAN -fopenmp -I/mnt/68204F1D204EF19C/UMass_Amherst/PhD_Research/Carbon_Forecast/weather_data/grib2/jasper-1.900.1/src/libjasper/include   -fPIC -DPIC -DPIC conftest.c >&5
configure:7960: $? = 0
configure:7973: result: yes
configure:8002: checking if gcc static flag -static works
conftest.c: In function 'main':
conftest.c:1:5: warning: old-style function definition [-Wold-style-definition]
    1 | int main(){return(0);}
      |     ^~~~
configure:8030: result: yes
configure:8045: checking if gcc supports -c -o file.o
configure:8066: gcc -c  -I/mnt/68204F1D204EF19C/UMass_Amherst/PhD_Research/Carbon_Forecast/weather_data/grib2/include -Wall -Wmissing-prototypes -Wold-style-definition -Werror=format-security -ffast-math -O3 -DGFORTRAN -fopenmp -I/mnt/68204F1D204EF19C/UMass_Amherst/PhD_Research/Carbon_Forecast/weather_data/grib2/jasper-1.900.1/src/libjasper/include   -o out/conftest2.o conftest.c >&5
configure:8070: $? = 0
configure:8092: result: yes
configure:8100: checking if gcc supports -c -o file.o
configure:8147: result: yes
configure:8180: checking whether the gcc linker (/usr/bin/ld -m elf_x86_64) supports shared libraries
configure:9439: result: yes
configure:9679: checking dynamic linker characteristics
configure:10260: gcc -o conftest  -I/mnt/68204F1D204EF19C/UMass_Amherst/PhD_Research/Carbon_Forecast/weather_data/grib2/include -Wall -Wmissing-prototypes -Wold-style-definition -Werror=format-security -ffast-math -O3 -DGFORTRAN -fopenmp -I/mnt/68204F1D204EF19C/UMass_Amherst/PhD_Research/Carbon_Forecast/weather_data/grib2/jasper-1.900.1/src/libjasper/include    -Wl,-rpath -Wl,/foo conftest.c  >&5
conftest.c: In function 'main':
conftest.c:23:1: warning: old-style function definition [-Wold-style-definition]
   23 | main ()
      | ^~~~
configure:10260: $? = 0
configure:10500: result: GNU/Linux ld.so
configure:10622: checking how to hardcode library paths into programs
configure:10647: result: immediate
configure:11195: checking whether stripping libraries is possible
configure:11200: result: yes
configure:11235: checking if libtool supports shared libraries
configure:11237: result: yes
configure:11240: checking whether to build shared libraries
configure:11265: result: no
configure:11268: checking whether to build static libraries
configure:11272: result: yes
configure:8115: checking for a BSD-compatible install
configure:8183: result: /usr/bin/install -c
configure:8194: checking whether build environment is sane
configure:8249: result: yes
configure:8282: WARNING: 'missing' script is too old or missing
configure:8395: checking for a thread-safe mkdir -p
configure:8434: result: /usr/bin/mkdir -p
configure:8437: checking whether make sets $(MAKE)
configure:8459: result: yes
configure:8489: checking for style of include used by make
configure:8517: result: GNU
configure:8551: checking whether make supports nested variables
configure:8568: result: yes
configure:8653: checking dependency style of gcc
configure:8764: result: gcc3
configure:8823: checking whether to enable maintainer-specific portions of Makefiles
configure:8832: result: yes
configure:8846: checking for gcc option to accept ISO C99
configure:8995: gcc  -c  -I/mnt/68204F1D204EF19C/UMass_Amherst/PhD_Research/Carbon_Forecast/weather_data/grib2/include -Wall -Wmissing-prototypes -Wold-style-definition -Werror=format-security -ffast-math -O3 -DGFORTRAN -fopenmp -I/mnt/68204F1D204EF19C/UMass_Amherst/PhD_Research/Carbon_Forecast/weather_data/grib2/jasper-1.900.1/src/libjasper/include   conftest.c >&5
conftest.c: In function 'test_varargs':
conftest.c:94:9: warning: variable 'fnumber' set but not used [-Wunused-but-set-variable]
   94 |   float fnumber;
      |         ^~~~~~~
conftest.c:93:7: warning: variable 'number' set but not used [-Wunused-but-set-variable]
   93 |   int number;
      |       ^~~~~~
conftest.c:92:15: warning: variable 'str' set but not used [-Wunused-but-set-variable]
   92 |   const char *str;
      |               ^~~
conftest.c: In function 'main':
conftest.c:118:1: warning: old-style function definition [-Wold-style-definition]
  118 | main ()
      | ^~~~
configure:8995: $? = 0
configure:9008: result: none needed
configure:9024: checking for ANSI C header files
configure:9128: result: yes
configure:9137: checking whether byte ordering is bigendian
configure:9152: gcc -c  -I/mnt/68204F1D204EF19C/UMass_Amherst/PhD_Research/Carbon_Forecast/weather_data/grib2/include -Wall -Wmissing-prototypes -Wold-style-definition -Werror=format-security -ffast-math -O3 -DGFORTRAN -fopenmp -I/mnt/68204F1D204EF19C/UMass_Amherst/PhD_Research/Carbon_Forecast/weather_data/grib2/jasper-1.900.1/src/libjasper/include   conftest.c >&5
conftest.c:25:9: error: unknown type name 'not'
   25 |         not a universal capable compiler
      |         ^~~
conftest.c:25:15: error: expected '=', ',', ';', 'asm' or '__attribute__' before 'universal'
   25 |         not a universal capable compiler
      |               ^~~~~~~~~
conftest.c:25:15: error: unknown type name 'universal'
configure:9152: $? = 1
configure: failed program was:
| /* confdefs.h */
| #define PACKAGE_NAME "libaec"
| #define PACKAGE_TARNAME "libaec"
| #define PACKAGE_VERSION "1.0.2"
| #define PACKAGE_STRING "libaec 1.0.2"
| #define PACKAGE_BUGREPORT "rosenhauer@dkrz.de"
| #define PACKAGE_URL ""
| #define STDC_HEADERS 1
| #define HAVE_SYS_TYPES_H 1
| #define HAVE_SYS_STAT_H 1
| #define HAVE_STDLIB_H 1
| #define HAVE_STRING_H 1
| #define HAVE_MEMORY_H 1
| #define HAVE_STRINGS_H 1
| #define HAVE_INTTYPES_H 1
| #define HAVE_STDINT_H 1
| #define HAVE_UNISTD_H 1
| #define HAVE_DLFCN_H 1
| #define LT_OBJDIR ".libs/"
| #define PACKAGE "libaec"
| #define VERSION "1.0.2"
| #define STDC_HEADERS 1
| /* end confdefs.h.  */
| #ifndef __APPLE_CC__
| 	       not a universal capable compiler
| 	     #endif
| 	     typedef int dummy;
| 
configure:9197: gcc -c  -I/mnt/68204F1D204EF19C/UMass_Amherst/PhD_Research/Carbon_Forecast/weather_data/grib2/include -Wall -Wmissing-prototypes -Wold-style-definition -Werror=format-security -ffast-math -O3 -DGFORTRAN -fopenmp -I/mnt/68204F1D204EF19C/UMass_Amherst/PhD_Research/Carbon_Forecast/weather_data/grib2/jasper-1.900.1/src/libjasper/include   conftest.c >&5
conftest.c: In function 'main':
conftest.c:28:1: warning: old-style function definition [-Wold-style-definition]
   28 | main ()
      | ^~~~
configure:9197: $? = 0
configure:9215: gcc -c  -I/mnt/68204F1D204EF19C/UMass_Amherst/PhD_Research/Carbon_Forecast/weather_data/grib2/include -Wall -Wmissing-prototypes -Wold-style-definition -Werror=format-security -ffast-math -O3 -DGFORTRAN -fopenmp -I/mnt/68204F1D204EF19C/UMass_Amherst/PhD_Research/Carbon_Forecast/weather_data/grib2/jasper-1.900.1/src/libjasper/include   conftest.c >&5
conftest.c: In function 'main':
conftest.c:28:1: warning: old-style function definition [-Wold-style-definition]
   28 | main ()
      | ^~~~
conftest.c:31:4: error: unknown type name 'not'; did you mean 'ino_t'?
   31 |    not big endian
      |    ^~~
      |    ino_t
conftest.c:31:12: error: expected '=', ',', ';', 'asm' or '__attribute__' before 'endian'
   31 |    not big endian
      |            ^~~~~~
configure:9215: $? = 1
configure: failed program was:
| /* confdefs.h */
| #define PACKAGE_NAME "libaec"
| #define PACKAGE_TARNAME "libaec"
| #define PACKAGE_VERSION "1.0.2"
| #define PACKAGE_STRING "libaec 1.0.2"
| #define PACKAGE_BUGREPORT "rosenhauer@dkrz.de"
| #define PACKAGE_URL ""
| #define STDC_HEADERS 1
| #define HAVE_SYS_TYPES_H 1
| #define HAVE_SYS_STAT_H 1
| #define HAVE_STDLIB_H 1
| #define HAVE_STRING_H 1
| #define HAVE_MEMORY_H 1
| #define HAVE_STRINGS_H 1
| #define HAVE_INTTYPES_H 1
| #define HAVE_STDINT_H 1
| #define HAVE_UNISTD_H 1
| #define HAVE_DLFCN_H 1
| #define LT_OBJDIR ".libs/"
| #define PACKAGE "libaec"
| #define VERSION "1.0.2"
| #define STDC_HEADERS 1
| /* end confdefs.h.  */
| #include <sys/types.h>
| 		#include <sys/param.h>
| 
| int
| main ()
| {
| #if BYTE_ORDER != BIG_ENDIAN
| 		 not big endian
| 		#endif
| 
|   ;
|   return 0;
| }
configure:9343: result: no
configure:9361: checking for inline
configure:9377: gcc -c  -I/mnt/68204F1D204EF19C/UMass_Amherst/PhD_Research/Carbon_Forecast/weather_data/grib2/include -Wall -Wmissing-prototypes -Wold-style-definition -Werror=format-security -ffast-math -O3 -DGFORTRAN -fopenmp -I/mnt/68204F1D204EF19C/UMass_Amherst/PhD_Research/Carbon_Forecast/weather_data/grib2/jasper-1.900.1/src/libjasper/include   conftest.c >&5
conftest.c: In function 'static_foo':
conftest.c:26:21: warning: old-style function definition [-Wold-style-definition]
   26 | static inline foo_t static_foo () {return 0; }
      |                     ^~~~~~~~~~
conftest.c: In function 'foo':
conftest.c:27:14: warning: old-style function definition [-Wold-style-definition]
   27 | inline foo_t foo () {return 0; }
      |              ^~~
configure:9377: $? = 0
configure:9385: result: inline
configure:9403: checking for int64_t
configure:9403: gcc -c  -I/mnt/68204F1D204EF19C/UMass_Amherst/PhD_Research/Carbon_Forecast/weather_data/grib2/include -Wall -Wmissing-prototypes -Wold-style-definition -Werror=format-security -ffast-math -O3 -DGFORTRAN -fopenmp -I/mnt/68204F1D204EF19C/UMass_Amherst/PhD_Research/Carbon_Forecast/weather_data/grib2/jasper-1.900.1/src/libjasper/include   conftest.c >&5
conftest.c: In function 'main':
conftest.c:59:1: warning: old-style function definition [-Wold-style-definition]
   59 | main ()
      | ^~~~
configure:9403: $? = 0
configure:9403: gcc -c  -I/mnt/68204F1D204EF19C/UMass_Amherst/PhD_Research/Carbon_Forecast/weather_data/grib2/include -Wall -Wmissing-prototypes -Wold-style-definition -Werror=format-security -ffast-math -O3 -DGFORTRAN -fopenmp -I/mnt/68204F1D204EF19C/UMass_Amherst/PhD_Research/Carbon_Forecast/weather_data/grib2/jasper-1.900.1/src/libjasper/include   conftest.c >&5
conftest.c: In function 'main':
conftest.c:59:1: warning: old-style function definition [-Wold-style-definition]
   59 | main ()
      | ^~~~
conftest.c:62:53: warning: integer overflow in expression of type 'long int' results in '-9223372036854775808' [-Woverflow]
   62 |    < (int64_t) (((((int64_t) 1 << N) << N) - 1) * 2 + 2))];
      |                                                     ^
conftest.c:61:12: error: storage size of 'test_array' isn't constant
   61 | static int test_array [1 - 2 * !((int64_t) (((((int64_t) 1 << N) << N) - 1) * 2 + 1)
      |            ^~~~~~~~~~
conftest.c:61:12: warning: unused variable 'test_array' [-Wunused-variable]
configure:9403: $? = 1
configure: failed program was:
| /* confdefs.h */
| #define PACKAGE_NAME "libaec"
| #define PACKAGE_TARNAME "libaec"
| #define PACKAGE_VERSION "1.0.2"
| #define PACKAGE_STRING "libaec 1.0.2"
| #define PACKAGE_BUGREPORT "rosenhauer@dkrz.de"
| #define PACKAGE_URL ""
| #define STDC_HEADERS 1
| #define HAVE_SYS_TYPES_H 1
| #define HAVE_SYS_STAT_H 1
| #define HAVE_STDLIB_H 1
| #define HAVE_STRING_H 1
| #define HAVE_MEMORY_H 1
| #define HAVE_STRINGS_H 1
| #define HAVE_INTTYPES_H 1
| #define HAVE_STDINT_H 1
| #define HAVE_UNISTD_H 1
| #define HAVE_DLFCN_H 1
| #define LT_OBJDIR ".libs/"
| #define PACKAGE "libaec"
| #define VERSION "1.0.2"
| #define STDC_HEADERS 1
| /* end confdefs.h.  */
| #include <stdio.h>
| #ifdef HAVE_SYS_TYPES_H
| # include <sys/types.h>
| #endif
| #ifdef HAVE_SYS_STAT_H
| # include <sys/stat.h>
| #endif
| #ifdef STDC_HEADERS
| # include <stdlib.h>
| # include <stddef.h>
| #else
| # ifdef HAVE_STDLIB_H
| #  include <stdlib.h>
| # endif
| #endif
| #ifdef HAVE_STRING_H
| # if !defined STDC_HEADERS && defined HAVE_MEMORY_H
| #  include <memory.h>
| # endif
| # include <string.h>
| #endif
| #ifdef HAVE_STRINGS_H
| # include <strings.h>
| #endif
| #ifdef HAVE_INTTYPES_H
| # include <inttypes.h>
| #endif
| #ifdef HAVE_STDINT_H
| # include <stdint.h>
| #endif
| #ifdef HAVE_UNISTD_H
| # include <unistd.h>
| #endif
| 	        enum { N = 64 / 2 - 1 };
| int
| main ()
| {
| static int test_array [1 - 2 * !((int64_t) (((((int64_t) 1 << N) << N) - 1) * 2 + 1)
| 		 < (int64_t) (((((int64_t) 1 << N) << N) - 1) * 2 + 2))];
| test_array [0] = 0;
| return test_array [0];
| 
|   ;
|   return 0;
| }
configure:9403: result: yes
configure:9414: checking for size_t
configure:9414: gcc -c  -I/mnt/68204F1D204EF19C/UMass_Amherst/PhD_Research/Carbon_Forecast/weather_data/grib2/include -Wall -Wmissing-prototypes -Wold-style-definition -Werror=format-security -ffast-math -O3 -DGFORTRAN -fopenmp -I/mnt/68204F1D204EF19C/UMass_Amherst/PhD_Research/Carbon_Forecast/weather_data/grib2/jasper-1.900.1/src/libjasper/include   conftest.c >&5
conftest.c: In function 'main':
conftest.c:58:1: warning: old-style function definition [-Wold-style-definition]
   58 | main ()
      | ^~~~
configure:9414: $? = 0
configure:9414: gcc -c  -I/mnt/68204F1D204EF19C/UMass_Amherst/PhD_Research/Carbon_Forecast/weather_data/grib2/include -Wall -Wmissing-prototypes -Wold-style-definition -Werror=format-security -ffast-math -O3 -DGFORTRAN -fopenmp -I/mnt/68204F1D204EF19C/UMass_Amherst/PhD_Research/Carbon_Forecast/weather_data/grib2/jasper-1.900.1/src/libjasper/include   conftest.c >&5
conftest.c: In function 'main':
conftest.c:58:1: warning: old-style function definition [-Wold-style-definition]
   58 | main ()
      | ^~~~
conftest.c:60:21: error: expected expression before ')' token
   60 | if (sizeof ((size_t)))
      |                     ^
configure:9414: $? = 1
configure: failed program was:
| /* confdefs.h */
| #define PACKAGE_NAME "libaec"
| #define PACKAGE_TARNAME "libaec"
| #define PACKAGE_VERSION "1.0.2"
| #define PACKAGE_STRING "libaec 1.0.2"
| #define PACKAGE_BUGREPORT "rosenhauer@dkrz.de"
| #define PACKAGE_URL ""
| #define STDC_HEADERS 1
| #define HAVE_SYS_TYPES_H 1
| #define HAVE_SYS_STAT_H 1
| #define HAVE_STDLIB_H 1
| #define HAVE_STRING_H 1
| #define HAVE_MEMORY_H 1
| #define HAVE_STRINGS_H 1
| #define HAVE_INTTYPES_H 1
| #define HAVE_STDINT_H 1
| #define HAVE_UNISTD_H 1
| #define HAVE_DLFCN_H 1
| #define LT_OBJDIR ".libs/"
| #define PACKAGE "libaec"
| #define VERSION "1.0.2"
| #define STDC_HEADERS 1
| /* end confdefs.h.  */
| #include <stdio.h>
| #ifdef HAVE_SYS_TYPES_H
| # include <sys/types.h>
| #endif
| #ifdef HAVE_SYS_STAT_H
| # include <sys/stat.h>
| #endif
| #ifdef STDC_HEADERS
| # include <stdlib.h>
| # include <stddef.h>
| #else
| # ifdef HAVE_STDLIB_H
| #  include <stdlib.h>
| # endif
| #endif
| #ifdef HAVE_STRING_H
| # if !defined STDC_HEADERS && defined HAVE_MEMORY_H
| #  include <memory.h>
| # endif
| # include <string.h>
| #endif
| #ifdef HAVE_STRINGS_H
| # include <strings.h>
| #endif
| #ifdef HAVE_INTTYPES_H
| # include <inttypes.h>
| #endif
| #ifdef HAVE_STDINT_H
| # include <stdint.h>
| #endif
| #ifdef HAVE_UNISTD_H
| # include <unistd.h>
| #endif
| int
| main ()
| {
| if (sizeof ((size_t)))
| 	    return 0;
|   ;
|   return 0;
| }
configure:9414: result: yes
configure:9425: checking for uint32_t
configure:9425: gcc -c  -I/mnt/68204F1D204EF19C/UMass_Amherst/PhD_Research/Carbon_Forecast/weather_data/grib2/include -Wall -Wmissing-prototypes -Wold-style-definition -Werror=format-security -ffast-math -O3 -DGFORTRAN -fopenmp -I/mnt/68204F1D204EF19C/UMass_Amherst/PhD_Research/Carbon_Forecast/weather_data/grib2/jasper-1.900.1/src/libjasper/include   conftest.c >&5
conftest.c: In function 'main':
conftest.c:58:1: warning: old-style function definition [-Wold-style-definition]
   58 | main ()
      | ^~~~
configure:9425: $? = 0
configure:9425: result: yes
configure:9439: checking for uint64_t
configure:9439: gcc -c  -I/mnt/68204F1D204EF19C/UMass_Amherst/PhD_Research/Carbon_Forecast/weather_data/grib2/include -Wall -Wmissing-prototypes -Wold-style-definition -Werror=format-security -ffast-math -O3 -DGFORTRAN -fopenmp -I/mnt/68204F1D204EF19C/UMass_Amherst/PhD_Research/Carbon_Forecast/weather_data/grib2/jasper-1.900.1/src/libjasper/include   conftest.c >&5
conftest.c: In function 'main':
conftest.c:58:1: warning: old-style function definition [-Wold-style-definition]
   58 | main ()
      | ^~~~
configure:9439: $? = 0
configure:9439: result: yes
configure:9453: checking for uint8_t
configure:9453: gcc -c  -I/mnt/68204F1D204EF19C/UMass_Amherst/PhD_Research/Carbon_Forecast/weather_data/grib2/include -Wall -Wmissing-prototypes -Wold-style-definition -Werror=format-security -ffast-math -O3 -DGFORTRAN -fopenmp -I/mnt/68204F1D204EF19C/UMass_Amherst/PhD_Research/Carbon_Forecast/weather_data/grib2/jasper-1.900.1/src/libjasper/include   conftest.c >&5
conftest.c: In function 'main':
conftest.c:58:1: warning: old-style function definition [-Wold-style-definition]
   58 | main ()
      | ^~~~
configure:9453: $? = 0
configure:9453: result: yes
configure:9467: checking for inline
configure:9491: result: inline
configure:9509: checking for C/C++ restrict keyword
configure:9534: gcc -c  -I/mnt/68204F1D204EF19C/UMass_Amherst/PhD_Research/Carbon_Forecast/weather_data/grib2/include -Wall -Wmissing-prototypes -Wold-style-definition -Werror=format-security -ffast-math -O3 -DGFORTRAN -fopenmp -I/mnt/68204F1D204EF19C/UMass_Amherst/PhD_Research/Carbon_Forecast/weather_data/grib2/jasper-1.900.1/src/libjasper/include   conftest.c >&5
conftest.c:25:6: warning: no previous prototype for 'foo' [-Wmissing-prototypes]
   25 |  int foo (int_ptr __restrict ip) {
      |      ^~~
conftest.c: In function 'main':
conftest.c:29:1: warning: old-style function definition [-Wold-style-definition]
   29 | main ()
      | ^~~~
configure:9534: $? = 0
configure:9542: result: __restrict
configure:9559: checking for memset
configure:9559: gcc -o conftest  -I/mnt/68204F1D204EF19C/UMass_Amherst/PhD_Research/Carbon_Forecast/weather_data/grib2/include -Wall -Wmissing-prototypes -Wold-style-definition -Werror=format-security -ffast-math -O3 -DGFORTRAN -fopenmp -I/mnt/68204F1D204EF19C/UMass_Amherst/PhD_Research/Carbon_Forecast/weather_data/grib2/jasper-1.900.1/src/libjasper/include    conftest.c  >&5
conftest.c:48:6: warning: conflicting types for built-in function 'memset'; expected 'void *(void *, int,  long unsigned int)' [-Wbuiltin-declaration-mismatch]
   48 | char memset ();
      |      ^~~~~~
conftest.c:36:1: note: 'memset' is declared in header '<string.h>'
   35 | # include <limits.h>
   36 | #else
conftest.c: In function 'main':
conftest.c:57:1: warning: old-style function definition [-Wold-style-definition]
   57 | main ()
      | ^~~~
configure:9559: $? = 0
configure:9559: result: yes
configure:9559: checking for strstr
configure:9559: gcc -o conftest  -I/mnt/68204F1D204EF19C/UMass_Amherst/PhD_Research/Carbon_Forecast/weather_data/grib2/include -Wall -Wmissing-prototypes -Wold-style-definition -Werror=format-security -ffast-math -O3 -DGFORTRAN -fopenmp -I/mnt/68204F1D204EF19C/UMass_Amherst/PhD_Research/Carbon_Forecast/weather_data/grib2/jasper-1.900.1/src/libjasper/include    conftest.c  >&5
conftest.c:49:6: warning: conflicting types for built-in function 'strstr'; expected 'char *(const char *, const char *)' [-Wbuiltin-declaration-mismatch]
   49 | char strstr ();
      |      ^~~~~~
conftest.c:37:1: note: 'strstr' is declared in header '<string.h>'
   36 | # include <limits.h>
   37 | #else
conftest.c: In function 'main':
conftest.c:58:1: warning: old-style function definition [-Wold-style-definition]
   58 | main ()
      | ^~~~
configure:9559: $? = 0
configure:9559: result: yes
configure:9559: checking for snprintf
configure:9559: gcc -o conftest  -I/mnt/68204F1D204EF19C/UMass_Amherst/PhD_Research/Carbon_Forecast/weather_data/grib2/include -Wall -Wmissing-prototypes -Wold-style-definition -Werror=format-security -ffast-math -O3 -DGFORTRAN -fopenmp -I/mnt/68204F1D204EF19C/UMass_Amherst/PhD_Research/Carbon_Forecast/weather_data/grib2/jasper-1.900.1/src/libjasper/include    conftest.c  >&5
conftest.c:50:6: warning: conflicting types for built-in function 'snprintf'; expected 'int(char *, long unsigned int,  const char *, ...)' [-Wbuiltin-declaration-mismatch]
   50 | char snprintf ();
      |      ^~~~~~~~
conftest.c:38:1: note: 'snprintf' is declared in header '<stdio.h>'
   37 | # include <limits.h>
   38 | #else
conftest.c: In function 'main':
conftest.c:59:1: warning: old-style function definition [-Wold-style-definition]
   59 | main ()
      | ^~~~
configure:9559: $? = 0
configure:9559: result: yes
configure:9568: checking whether __builtin_clzll is declared
configure:9568: gcc -c  -I/mnt/68204F1D204EF19C/UMass_Amherst/PhD_Research/Carbon_Forecast/weather_data/grib2/include -Wall -Wmissing-prototypes -Wold-style-definition -Werror=format-security -ffast-math -O3 -DGFORTRAN -fopenmp -I/mnt/68204F1D204EF19C/UMass_Amherst/PhD_Research/Carbon_Forecast/weather_data/grib2/jasper-1.900.1/src/libjasper/include   conftest.c >&5
conftest.c: In function 'main':
conftest.c:62:1: warning: old-style function definition [-Wold-style-definition]
   62 | main ()
      | ^~~~
configure:9568: $? = 0
configure:9568: result: yes
configure:9685: checking that generated files are newer than configure
configure:9691: result: done
configure:9719: creating ./config.status

## ---------------------- ##
## Running config.status. ##
## ---------------------- ##

This file was extended by libaec config.status 1.0.2, which was
generated by GNU Autoconf 2.69.  Invocation command line was

  CONFIG_FILES    = 
  CONFIG_HEADERS  = 
  CONFIG_LINKS    = 
  CONFIG_COMMANDS = 
  $ ./config.status 

on diptyaroop-GS65

config.status:1092: creating Makefile
config.status:1092: creating src/Makefile
config.status:1092: creating tests/Makefile
config.status:1092: creating config/config.h
config.status:1273: config/config.h is unchanged
config.status:1321: executing libtool commands
config.status:1321: executing depfiles commands

## ---------------- ##
## Cache variables. ##
## ---------------- ##

ac_cv_build=x86_64-pc-linux-gnu
ac_cv_c_bigendian=no
ac_cv_c_compiler_gnu=yes
ac_cv_c_inline=inline
ac_cv_c_int64_t=yes
ac_cv_c_restrict=__restrict
ac_cv_c_uint32_t=yes
ac_cv_c_uint64_t=yes
ac_cv_c_uint8_t=yes
ac_cv_env_CC_set=set
ac_cv_env_CC_value=gcc
ac_cv_env_CFLAGS_set=set
ac_cv_env_CFLAGS_value=' -I/mnt/68204F1D204EF19C/UMass_Amherst/PhD_Research/Carbon_Forecast/weather_data/grib2/include -Wall -Wmissing-prototypes -Wold-style-definition -Werror=format-security -ffast-math -O3 -DGFORTRAN -fopenmp -I/mnt/68204F1D204EF19C/UMass_Amherst/PhD_Research/Carbon_Forecast/weather_data/grib2/jasper-1.900.1/src/libjasper/include '
ac_cv_env_CPPFLAGS_set=
ac_cv_env_CPPFLAGS_value=
ac_cv_env_CPP_set=
ac_cv_env_CPP_value=
ac_cv_env_LDFLAGS_set=
ac_cv_env_LDFLAGS_value=
ac_cv_env_LIBS_set=
ac_cv_env_LIBS_value=
ac_cv_env_LT_SYS_LIBRARY_PATH_set=
ac_cv_env_LT_SYS_LIBRARY_PATH_value=
ac_cv_env_build_alias_set=
ac_cv_env_build_alias_value=
ac_cv_env_host_alias_set=
ac_cv_env_host_alias_value=
ac_cv_env_target_alias_set=
ac_cv_env_target_alias_value=
ac_cv_func_memset=yes
ac_cv_func_snprintf=yes
ac_cv_func_strstr=yes
ac_cv_have_decl___builtin_clzll=yes
ac_cv_header_dlfcn_h=yes
ac_cv_header_inttypes_h=yes
ac_cv_header_memory_h=yes
ac_cv_header_stdc=yes
ac_cv_header_stdint_h=yes
ac_cv_header_stdlib_h=yes
ac_cv_header_string_h=yes
ac_cv_header_strings_h=yes
ac_cv_header_sys_stat_h=yes
ac_cv_header_sys_types_h=yes
ac_cv_header_unistd_h=yes
ac_cv_host=x86_64-pc-linux-gnu
ac_cv_objext=o
ac_cv_path_EGREP='/usr/bin/grep -E'
ac_cv_path_FGREP='/usr/bin/grep -F'
ac_cv_path_GREP=/usr/bin/grep
ac_cv_path_SED=/usr/bin/sed
ac_cv_path_install='/usr/bin/install -c'
ac_cv_path_lt_DD=/usr/bin/dd
ac_cv_path_mkdir=/usr/bin/mkdir
ac_cv_prog_AWK=mawk
ac_cv_prog_CPP='gcc -E'
ac_cv_prog_ac_ct_AR=ar
ac_cv_prog_ac_ct_CC=gcc
ac_cv_prog_ac_ct_MANIFEST_TOOL=mt
ac_cv_prog_ac_ct_OBJDUMP=objdump
ac_cv_prog_ac_ct_RANLIB=ranlib
ac_cv_prog_ac_ct_STRIP=strip
ac_cv_prog_cc_c89=
ac_cv_prog_cc_c99=
ac_cv_prog_cc_g=yes
ac_cv_prog_make_make_set=yes
ac_cv_type_size_t=yes
am_cv_CC_dependencies_compiler_type=gcc3
am_cv_make_support_nested_variables=yes
am_cv_prog_cc_c_o=yes
lt_cv_ar_at_file=@
lt_cv_deplibs_check_method=pass_all
lt_cv_file_magic_cmd='$MAGIC_CMD'
lt_cv_file_magic_test_file=
lt_cv_ld_reload_flag=-r
lt_cv_nm_interface='BSD nm'
lt_cv_objdir=.libs
lt_cv_path_LD=/usr/bin/ld
lt_cv_path_NM='/usr/bin/nm -B'
lt_cv_path_mainfest_tool=no
lt_cv_prog_compiler_c_o=yes
lt_cv_prog_compiler_pic='-fPIC -DPIC'
lt_cv_prog_compiler_pic_works=yes
lt_cv_prog_compiler_rtti_exceptions=no
lt_cv_prog_compiler_static_works=yes
lt_cv_prog_gnu_ld=yes
lt_cv_sharedlib_from_linklib_cmd='printf %s\n'
lt_cv_shlibpath_overrides_runpath=yes
lt_cv_sys_global_symbol_pipe='sed -n -e '\''s/^.*[	 ]\([ABCDGIRSTW][ABCDGIRSTW]*\)[	 ][	 ]*\([_A-Za-z][_A-Za-z0-9]*\)$/\1 \2 \2/p'\'' | sed '\''/ __gnu_lto/d'\'''
lt_cv_sys_global_symbol_to_c_name_address='sed -n -e '\''s/^: \(.*\) .*$/  {"\1", (void *) 0},/p'\'' -e '\''s/^[ABCDGIRSTW][ABCDGIRSTW]* .* \(.*\)$/  {"\1", (void *) \&\1},/p'\'''
lt_cv_sys_global_symbol_to_c_name_address_lib_prefix='sed -n -e '\''s/^: \(.*\) .*$/  {"\1", (void *) 0},/p'\'' -e '\''s/^[ABCDGIRSTW][ABCDGIRSTW]* .* \(lib.*\)$/  {"\1", (void *) \&\1},/p'\'' -e '\''s/^[ABCDGIRSTW][ABCDGIRSTW]* .* \(.*\)$/  {"lib\1", (void *) \&\1},/p'\'''
lt_cv_sys_global_symbol_to_cdecl='sed -n -e '\''s/^T .* \(.*\)$/extern int \1();/p'\'' -e '\''s/^[ABCDGIRSTW][ABCDGIRSTW]* .* \(.*\)$/extern char \1;/p'\'''
lt_cv_sys_global_symbol_to_import=
lt_cv_sys_max_cmd_len=1572864
lt_cv_to_host_file_cmd=func_convert_file_noop
lt_cv_to_tool_file_cmd=func_convert_file_noop
lt_cv_truncate_bin='/usr/bin/dd bs=4096 count=1'

## ----------------- ##
## Output variables. ##
## ----------------- ##

ACLOCAL='aclocal-1.15'
AMDEPBACKSLASH='\'
AMDEP_FALSE='#'
AMDEP_TRUE=''
AMTAR='$${TAR-tar}'
AM_BACKSLASH='\'
AM_DEFAULT_V='$(AM_DEFAULT_VERBOSITY)'
AM_DEFAULT_VERBOSITY='1'
AM_V='$(V)'
AR='ar'
AUTOCONF='autoconf'
AUTOHEADER='autoheader'
AUTOMAKE='automake-1.15'
AWK='mawk'
CC='gcc'
CCDEPMODE='depmode=gcc3'
CFLAGS=' -I/mnt/68204F1D204EF19C/UMass_Amherst/PhD_Research/Carbon_Forecast/weather_data/grib2/include -Wall -Wmissing-prototypes -Wold-style-definition -Werror=format-security -ffast-math -O3 -DGFORTRAN -fopenmp -I/mnt/68204F1D204EF19C/UMass_Amherst/PhD_Research/Carbon_Forecast/weather_data/grib2/jasper-1.900.1/src/libjasper/include '
CPP='gcc -E'
CPPFLAGS=''
CYGPATH_W='echo'
DEFS='-DHAVE_CONFIG_H'
DEPDIR='.deps'
DLLTOOL='false'
DSYMUTIL=''
DUMPBIN=''
ECHO_C=''
ECHO_N='-n'
ECHO_T=''
EGREP='/usr/bin/grep -E'
EXEEXT=''
FGREP='/usr/bin/grep -F'
GREP='/usr/bin/grep'
INSTALL_DATA='${INSTALL} -m 644'
INSTALL_PROGRAM='${INSTALL}'
INSTALL_SCRIPT='${INSTALL}'
INSTALL_STRIP_PROGRAM='$(install_sh) -c -s'
LD='/usr/bin/ld -m elf_x86_64'
LDFLAGS=''
LIBOBJS=''
LIBS=''
LIBTOOL='$(SHELL) $(top_builddir)/libtool'
LIPO=''
LN_S='ln -s'
LTLIBOBJS=''
LT_SYS_LIBRARY_PATH=''
MAINT=''
MAINTAINER_MODE_FALSE='#'
MAINTAINER_MODE_TRUE=''
MAKEINFO='makeinfo'
MANIFEST_TOOL=':'
MKDIR_P='/usr/bin/mkdir -p'
NM='/usr/bin/nm -B'
NMEDIT=''
OBJDUMP='objdump'
OBJEXT='o'
OTOOL64=''
OTOOL=''
PACKAGE='libaec'
PACKAGE_BUGREPORT='rosenhauer@dkrz.de'
PACKAGE_NAME='libaec'
PACKAGE_STRING='libaec 1.0.2'
PACKAGE_TARNAME='libaec'
PACKAGE_URL=''
PACKAGE_VERSION='1.0.2'
PATH_SEPARATOR=':'
RANLIB='ranlib'
SED='/usr/bin/sed'
SET_MAKE=''
SHELL='/bin/bash'
STRIP='strip'
VERSION='1.0.2'
ac_ct_AR='ar'
ac_ct_CC='gcc'
ac_ct_DUMPBIN=''
am__EXEEXT_FALSE=''
am__EXEEXT_TRUE='#'
am__fastdepCC_FALSE='#'
am__fastdepCC_TRUE=''
am__include='include'
am__isrc=''
am__leading_dot='.'
am__nodep='_no'
am__quote=''
am__tar='$${TAR-tar} chof - "$$tardir"'
am__untar='$${TAR-tar} xf -'
bindir='${exec_prefix}/bin'
build='x86_64-pc-linux-gnu'
build_alias=''
build_cpu='x86_64'
build_os='linux-gnu'
build_vendor='pc'
datadir='${datarootdir}'
datarootdir='${prefix}/share'
docdir='${datarootdir}/doc/${PACKAGE_TARNAME}'
dvidir='${docdir}'
exec_prefix='${prefix}'
host='x86_64-pc-linux-gnu'
host_alias=''
host_cpu='x86_64'
host_os='linux-gnu'
host_vendor='pc'
htmldir='${docdir}'
includedir='${prefix}/include'
infodir='${datarootdir}/info'
install_sh='${SHELL} /mnt/68204F1D204EF19C/UMass_Amherst/PhD_Research/Carbon_Forecast/weather_data/grib2/libaec-1.0.2/config/install-sh'
libdir='${exec_prefix}/lib'
libexecdir='${exec_prefix}/libexec'
localedir='${datarootdir}/locale'
localstatedir='${prefix}/var'
mandir='${datarootdir}/man'
mkdir_p='$(MKDIR_P)'
oldincludedir='/usr/include'
pdfdir='${docdir}'
prefix='/mnt/68204F1D204EF19C/UMass_Amherst/PhD_Research/Carbon_Forecast/weather_data/grib2'
program_transform_name='s,x,x,'
psdir='${docdir}'
sbindir='${exec_prefix}/sbin'
sharedstatedir='${prefix}/com'
sysconfdir='${prefix}/etc'
target_alias=''

## ----------- ##
## confdefs.h. ##
## ----------- ##

/* confdefs.h */
#define PACKAGE_NAME "libaec"
#define PACKAGE_TARNAME "libaec"
#define PACKAGE_VERSION "1.0.2"
#define PACKAGE_STRING "libaec 1.0.2"
#define PACKAGE_BUGREPORT "rosenhauer@dkrz.de"
#define PACKAGE_URL ""
#define STDC_HEADERS 1
#define HAVE_SYS_TYPES_H 1
#define HAVE_SYS_STAT_H 1
#define HAVE_STDLIB_H 1
#define HAVE_STRING_H 1
#define HAVE_MEMORY_H 1
#define HAVE_STRINGS_H 1
#define HAVE_INTTYPES_H 1
#define HAVE_STDINT_H 1
#define HAVE_UNISTD_H 1
#define HAVE_DLFCN_H 1
#define LT_OBJDIR ".libs/"
#define PACKAGE "libaec"
#define VERSION "1.0.2"
#define STDC_HEADERS 1
#define restrict __restrict
#define HAVE_MEMSET 1
#define HAVE_STRSTR 1
#define HAVE_SNPRINTF 1
#define HAVE_DECL___BUILTIN_CLZLL 1

configure: exit 0
